2024-06-29 17:15:53 INFO  o.h.validator.internal.util.Version - HV000001: Hibernate Validator 8.0.1.Final
2024-06-29 17:15:54 INFO  gr.aueb.cf.gymapp.GymAppApplication - Starting GymAppApplication using Java 17.0.10 with PID 17120 (C:\Users\Boss\Desktop\gym-app\backend\target\classes started by Boss in C:\Users\Boss\Desktop\gym-app\backend)
2024-06-29 17:15:54 INFO  gr.aueb.cf.gymapp.GymAppApplication - No active profile set, falling back to 1 default profile: "default"
2024-06-29 17:15:55 INFO  o.s.d.r.c.RepositoryConfigurationDelegate - Bootstrapping Spring Data JPA repositories in DEFAULT mode.
2024-06-29 17:15:56 INFO  o.s.d.r.c.RepositoryConfigurationDelegate - Finished Spring Data repository scanning in 150 ms. Found 4 JPA repository interfaces.
2024-06-29 17:15:57 INFO  o.s.b.w.e.tomcat.TomcatWebServer - Tomcat initialized with port 8080 (http)
2024-06-29 17:15:57 INFO  o.a.coyote.http11.Http11NioProtocol - Initializing ProtocolHandler ["http-nio-8080"]
2024-06-29 17:15:57 INFO  o.a.catalina.core.StandardService - Starting service [Tomcat]
2024-06-29 17:15:57 INFO  o.a.catalina.core.StandardEngine - Starting Servlet engine: [Apache Tomcat/10.1.20]
2024-06-29 17:15:57 INFO  o.a.c.c.C.[Tomcat].[localhost].[/] - Initializing Spring embedded WebApplicationContext
2024-06-29 17:15:57 INFO  o.s.b.w.s.c.ServletWebServerApplicationContext - Root WebApplicationContext: initialization completed in 3326 ms
2024-06-29 17:15:57 INFO  o.h.jpa.internal.util.LogHelper - HHH000204: Processing PersistenceUnitInfo [name: default]
2024-06-29 17:15:57 INFO  org.hibernate.Version - HHH000412: Hibernate ORM core version 6.4.4.Final
2024-06-29 17:15:57 INFO  o.h.c.i.RegionFactoryInitiator - HHH000026: Second-level cache disabled
2024-06-29 17:15:58 INFO  o.s.o.j.p.SpringPersistenceUnitInfo - No LoadTimeWeaver setup: ignoring JPA class transformer
2024-06-29 17:15:58 INFO  com.zaxxer.hikari.HikariDataSource - HikariPool-1 - Starting...
2024-06-29 17:15:59 INFO  com.zaxxer.hikari.pool.HikariPool - HikariPool-1 - Added connection com.mysql.cj.jdbc.ConnectionImpl@23bd047f
2024-06-29 17:15:59 INFO  com.zaxxer.hikari.HikariDataSource - HikariPool-1 - Start completed.
2024-06-29 17:16:01 INFO  o.h.e.t.j.p.i.JtaPlatformInitiator - HHH000489: No JTA platform available (set 'hibernate.transaction.jta.platform' to enable JTA platform integration)
2024-06-29 17:16:02 INFO  o.s.o.j.LocalContainerEntityManagerFactoryBean - Initialized JPA EntityManagerFactory for persistence unit 'default'
2024-06-29 17:16:02 INFO  o.s.d.j.r.query.QueryEnhancerFactory - Hibernate is in classpath; If applicable, HQL parser will be used.
2024-06-29 17:16:03 WARN  o.s.b.a.o.j.JpaBaseConfiguration$JpaWebConfiguration - spring.jpa.open-in-view is enabled by default. Therefore, database queries may be performed during view rendering. Explicitly configure spring.jpa.open-in-view to disable this warning
2024-06-29 17:16:04 INFO  o.s.s.web.DefaultSecurityFilterChain - Will secure any request with [org.springframework.security.web.session.DisableEncodeUrlFilter@708378cc, org.springframework.security.web.context.request.async.WebAsyncManagerIntegrationFilter@17eb35fa, org.springframework.security.web.context.SecurityContextHolderFilter@295f115d, org.springframework.security.web.header.HeaderWriterFilter@2526ecb7, org.springframework.web.filter.CorsFilter@1d691d4f, org.springframework.security.web.authentication.logout.LogoutFilter@7d593bbc, gr.aueb.cf.gymapp.filters.JwtAuthFilter@129348e8, org.springframework.security.web.savedrequest.RequestCacheAwareFilter@3c32f3d8, org.springframework.security.web.servletapi.SecurityContextHolderAwareRequestFilter@46700301, org.springframework.security.web.authentication.AnonymousAuthenticationFilter@1082883b, org.springframework.security.web.session.SessionManagementFilter@4e4ee99, org.springframework.security.web.access.ExceptionTranslationFilter@8ea1521, org.springframework.security.web.access.intercept.AuthorizationFilter@27e80cfa]
2024-06-29 17:16:04 INFO  o.a.coyote.http11.Http11NioProtocol - Starting ProtocolHandler ["http-nio-8080"]
2024-06-29 17:16:04 INFO  o.s.b.w.e.tomcat.TomcatWebServer - Tomcat started on port 8080 (http) with context path ''
2024-06-29 17:16:04 INFO  gr.aueb.cf.gymapp.GymAppApplication - Started GymAppApplication in 11.508 seconds (process running for 12.735)
2024-06-29 17:17:56 INFO  o.a.c.c.C.[Tomcat].[localhost].[/] - Initializing Spring DispatcherServlet 'dispatcherServlet'
2024-06-29 17:17:56 INFO  o.s.web.servlet.DispatcherServlet - Initializing Servlet 'dispatcherServlet'
2024-06-29 17:17:56 INFO  o.s.web.servlet.DispatcherServlet - Completed initialization in 0 ms
2024-06-29 17:17:56 INFO  g.a.cf.gymapp.filters.JwtAuthFilter - POST /register
2024-06-29 17:17:59 INFO  g.a.cf.gymapp.filters.JwtAuthFilter - POST /register
2024-06-29 17:18:00 INFO  g.a.cf.gymapp.filters.JwtAuthFilter - POST /register
2024-06-29 17:18:00 WARN  o.h.e.jdbc.spi.SqlExceptionHelper - SQL Error: 1062, SQLState: 23000
2024-06-29 17:18:00 ERROR o.h.e.jdbc.spi.SqlExceptionHelper - Duplicate entry 'chourdakisem@gmail.com' for key 'users.UK_6dotkott2kjsp8vw4d0m25fb7'
2024-06-29 17:18:28 INFO  g.a.cf.gymapp.filters.JwtAuthFilter - POST /register
2024-06-29 17:18:30 INFO  g.a.cf.gymapp.filters.JwtAuthFilter - POST /register
2024-06-29 17:19:02 INFO  g.a.cf.gymapp.filters.JwtAuthFilter - POST /register
2024-06-29 17:19:04 INFO  g.a.cf.gymapp.filters.JwtAuthFilter - POST /register
2024-06-29 17:19:30 INFO  g.a.cf.gymapp.filters.JwtAuthFilter - POST /register
2024-06-29 17:19:31 INFO  g.a.cf.gymapp.filters.JwtAuthFilter - POST /register
2024-06-29 17:19:41 INFO  g.a.cf.gymapp.filters.JwtAuthFilter - POST /login
2024-06-29 17:19:42 INFO  g.a.cf.gymapp.filters.JwtAuthFilter - GET /refresh
2024-06-29 17:19:50 INFO  g.a.cf.gymapp.filters.JwtAuthFilter - GET /trainers/trainer/Chourdakis
2024-06-29 17:19:50 INFO  g.a.cf.gymapp.filters.JwtAuthFilter - GET /refresh
2024-06-29 17:20:21 INFO  g.a.cf.gymapp.filters.JwtAuthFilter - POST /login
2024-06-29 17:20:21 INFO  g.a.cf.gymapp.filters.JwtAuthFilter - GET /trainers/18/session-details
2024-06-29 17:20:21 INFO  g.a.cf.gymapp.filters.JwtAuthFilter - GET /refresh
2024-06-29 17:20:21 INFO  g.a.cf.gymapp.filters.JwtAuthFilter - GET /clients/undefined/session-details
2024-06-29 17:20:21 INFO  g.a.cf.gymapp.filters.JwtAuthFilter - GET /refresh
2024-06-29 17:20:21 INFO  g.a.cf.gymapp.filters.JwtAuthFilter - GET /refresh
2024-06-29 17:20:57 INFO  g.a.cf.gymapp.filters.JwtAuthFilter - PUT /users/32
2024-06-29 17:20:57 INFO  g.a.cf.gymapp.filters.JwtAuthFilter - GET /refresh
2024-06-29 17:20:59 INFO  g.a.cf.gymapp.filters.JwtAuthFilter - GET /trainers/18/session-details
2024-06-29 17:20:59 INFO  g.a.cf.gymapp.filters.JwtAuthFilter - GET /clients/undefined/session-details
2024-06-29 17:20:59 INFO  g.a.cf.gymapp.filters.JwtAuthFilter - GET /refresh
2024-06-29 17:20:59 INFO  g.a.cf.gymapp.filters.JwtAuthFilter - GET /refresh
2024-06-29 17:21:07 INFO  g.a.cf.gymapp.filters.JwtAuthFilter - POST /login
2024-06-29 17:21:08 INFO  g.a.cf.gymapp.filters.JwtAuthFilter - GET /trainers/17/session-details
2024-06-29 17:21:08 INFO  g.a.cf.gymapp.filters.JwtAuthFilter - GET /refresh
2024-06-29 17:21:08 INFO  g.a.cf.gymapp.filters.JwtAuthFilter - GET /clients/undefined/session-details
2024-06-29 17:21:08 INFO  g.a.cf.gymapp.filters.JwtAuthFilter - GET /refresh
2024-06-29 17:21:08 INFO  g.a.cf.gymapp.filters.JwtAuthFilter - GET /refresh
2024-06-29 17:21:32 INFO  g.a.cf.gymapp.filters.JwtAuthFilter - PUT /users/30
2024-06-29 17:21:32 INFO  g.a.cf.gymapp.filters.JwtAuthFilter - GET /refresh
2024-06-29 17:21:40 INFO  g.a.cf.gymapp.filters.JwtAuthFilter - POST /login
2024-06-29 17:21:41 INFO  g.a.cf.gymapp.filters.JwtAuthFilter - GET /refresh
2024-06-29 17:21:46 INFO  g.a.cf.gymapp.filters.JwtAuthFilter - GET /trainers/trainer/Chourdakis
2024-06-29 17:21:46 INFO  g.a.cf.gymapp.filters.JwtAuthFilter - GET /refresh
2024-06-29 17:21:50 INFO  g.a.cf.gymapp.filters.JwtAuthFilter - GET /trainers/17
2024-06-29 17:22:01 INFO  g.a.cf.gymapp.filters.JwtAuthFilter - GET /trainers/17/sessions
2024-06-29 17:22:06 INFO  g.a.cf.gymapp.filters.JwtAuthFilter - GET /trainers/17/sessions
2024-06-29 17:22:33 INFO  g.a.cf.gymapp.filters.JwtAuthFilter - GET /trainers/17/sessions
2024-06-29 17:22:44 INFO  g.a.cf.gymapp.filters.JwtAuthFilter - GET /trainers/17/sessions
2024-06-29 17:22:49 INFO  g.a.cf.gymapp.filters.JwtAuthFilter - GET /trainers/17/sessions
2024-06-29 17:22:57 INFO  g.a.cf.gymapp.filters.JwtAuthFilter - GET /trainers/17/sessions
2024-06-29 17:23:03 INFO  g.a.cf.gymapp.filters.JwtAuthFilter - GET /trainers/17/sessions
2024-06-29 17:25:43 INFO  o.s.o.j.LocalContainerEntityManagerFactoryBean - Closing JPA EntityManagerFactory for persistence unit 'default'
2024-06-29 17:25:43 INFO  com.zaxxer.hikari.HikariDataSource - HikariPool-1 - Shutdown initiated...
2024-06-29 17:25:43 INFO  com.zaxxer.hikari.HikariDataSource - HikariPool-1 - Shutdown completed.
2024-06-29 17:33:17 INFO  o.h.validator.internal.util.Version - HV000001: Hibernate Validator 8.0.1.Final
2024-06-29 17:33:17 INFO  gr.aueb.cf.gymapp.GymAppApplication - Starting GymAppApplication using Java 17.0.10 with PID 7188 (C:\Users\Boss\Desktop\gym-app\backend\target\classes started by Boss in C:\Users\Boss\Desktop\gym-app\backend)
2024-06-29 17:33:17 INFO  gr.aueb.cf.gymapp.GymAppApplication - No active profile set, falling back to 1 default profile: "default"
2024-06-29 17:33:25 INFO  o.s.d.r.c.RepositoryConfigurationDelegate - Bootstrapping Spring Data JPA repositories in DEFAULT mode.
2024-06-29 17:33:26 INFO  o.s.d.r.c.RepositoryConfigurationDelegate - Finished Spring Data repository scanning in 359 ms. Found 4 JPA repository interfaces.
2024-06-29 17:33:29 INFO  o.s.b.w.e.tomcat.TomcatWebServer - Tomcat initialized with port 8080 (http)
2024-06-29 17:33:29 INFO  o.a.coyote.http11.Http11NioProtocol - Initializing ProtocolHandler ["http-nio-8080"]
2024-06-29 17:33:29 INFO  o.a.catalina.core.StandardService - Starting service [Tomcat]
2024-06-29 17:33:29 INFO  o.a.catalina.core.StandardEngine - Starting Servlet engine: [Apache Tomcat/10.1.20]
2024-06-29 17:33:29 INFO  o.a.c.c.C.[Tomcat].[localhost].[/] - Initializing Spring embedded WebApplicationContext
2024-06-29 17:33:29 INFO  o.s.b.w.s.c.ServletWebServerApplicationContext - Root WebApplicationContext: initialization completed in 11417 ms
2024-06-29 17:33:30 INFO  o.h.jpa.internal.util.LogHelper - HHH000204: Processing PersistenceUnitInfo [name: default]
2024-06-29 17:33:30 INFO  org.hibernate.Version - HHH000412: Hibernate ORM core version 6.4.4.Final
2024-06-29 17:33:30 INFO  o.h.c.i.RegionFactoryInitiator - HHH000026: Second-level cache disabled
2024-06-29 17:33:31 INFO  o.s.o.j.p.SpringPersistenceUnitInfo - No LoadTimeWeaver setup: ignoring JPA class transformer
2024-06-29 17:33:31 INFO  com.zaxxer.hikari.HikariDataSource - HikariPool-1 - Starting...
2024-06-29 17:33:33 INFO  com.zaxxer.hikari.pool.HikariPool - HikariPool-1 - Added connection com.mysql.cj.jdbc.ConnectionImpl@110620d
2024-06-29 17:33:33 INFO  com.zaxxer.hikari.HikariDataSource - HikariPool-1 - Start completed.
2024-06-29 17:33:37 INFO  o.h.e.t.j.p.i.JtaPlatformInitiator - HHH000489: No JTA platform available (set 'hibernate.transaction.jta.platform' to enable JTA platform integration)
2024-06-29 17:33:38 INFO  o.s.o.j.LocalContainerEntityManagerFactoryBean - Initialized JPA EntityManagerFactory for persistence unit 'default'
2024-06-29 17:33:42 INFO  o.s.d.j.r.query.QueryEnhancerFactory - Hibernate is in classpath; If applicable, HQL parser will be used.
2024-06-29 17:33:44 WARN  o.s.b.a.o.j.JpaBaseConfiguration$JpaWebConfiguration - spring.jpa.open-in-view is enabled by default. Therefore, database queries may be performed during view rendering. Explicitly configure spring.jpa.open-in-view to disable this warning
2024-06-29 17:33:45 INFO  o.s.s.web.DefaultSecurityFilterChain - Will secure any request with [org.springframework.security.web.session.DisableEncodeUrlFilter@34272839, org.springframework.security.web.context.request.async.WebAsyncManagerIntegrationFilter@708378cc, org.springframework.security.web.context.SecurityContextHolderFilter@78405f00, org.springframework.security.web.header.HeaderWriterFilter@7424a39e, org.springframework.web.filter.CorsFilter@17eb35fa, org.springframework.security.web.authentication.logout.LogoutFilter@1100363d, gr.aueb.cf.gymapp.filters.JwtAuthFilter@42684d86, org.springframework.security.web.savedrequest.RequestCacheAwareFilter@a6cb2c9, org.springframework.security.web.servletapi.SecurityContextHolderAwareRequestFilter@3c32f3d8, org.springframework.security.web.authentication.AnonymousAuthenticationFilter@1d691d4f, org.springframework.security.web.session.SessionManagementFilter@73344f4a, org.springframework.security.web.access.ExceptionTranslationFilter@6a4bd9e4, org.springframework.security.web.access.intercept.AuthorizationFilter@74161ed7]
2024-06-29 17:33:46 INFO  o.a.coyote.http11.Http11NioProtocol - Starting ProtocolHandler ["http-nio-8080"]
2024-06-29 17:33:46 INFO  o.s.b.w.e.tomcat.TomcatWebServer - Tomcat started on port 8080 (http) with context path ''
2024-06-29 17:33:46 INFO  gr.aueb.cf.gymapp.GymAppApplication - Started GymAppApplication in 30.786 seconds (process running for 35.128)
2024-06-29 17:36:51 INFO  o.a.c.c.C.[Tomcat].[localhost].[/] - Initializing Spring DispatcherServlet 'dispatcherServlet'
2024-06-29 17:36:51 INFO  o.s.web.servlet.DispatcherServlet - Initializing Servlet 'dispatcherServlet'
2024-06-29 17:36:51 INFO  o.s.web.servlet.DispatcherServlet - Completed initialization in 69 ms
2024-06-29 17:36:51 INFO  g.a.cf.gymapp.filters.JwtAuthFilter - POST /login
2024-06-29 17:36:54 INFO  g.a.cf.gymapp.filters.JwtAuthFilter - GET /refresh
2024-06-29 17:37:01 INFO  g.a.cf.gymapp.filters.JwtAuthFilter - GET /trainers/trainer/Chourdakis
2024-06-29 17:37:02 INFO  g.a.cf.gymapp.filters.JwtAuthFilter - GET /refresh
2024-06-29 17:37:58 INFO  g.a.cf.gymapp.filters.JwtAuthFilter - GET /trainers/18
2024-06-29 17:38:10 INFO  g.a.cf.gymapp.filters.JwtAuthFilter - GET /trainers/18/sessions
2024-06-29 17:38:27 INFO  g.a.cf.gymapp.filters.JwtAuthFilter - GET /trainers/18/sessions
2024-06-29 17:38:34 INFO  g.a.cf.gymapp.filters.JwtAuthFilter - GET /trainers/18/sessions
2024-06-29 17:38:35 INFO  g.a.cf.gymapp.filters.JwtAuthFilter - GET /trainers/18/sessions
2024-06-29 17:38:51 INFO  g.a.cf.gymapp.filters.JwtAuthFilter - GET /trainers/18
2024-06-29 17:38:53 INFO  g.a.cf.gymapp.filters.JwtAuthFilter - GET /trainers/18
2024-06-29 17:38:56 INFO  g.a.cf.gymapp.filters.JwtAuthFilter - GET /trainers/18
2024-06-29 17:38:57 INFO  g.a.cf.gymapp.filters.JwtAuthFilter - GET /trainers/18
2024-06-29 17:39:00 INFO  g.a.cf.gymapp.filters.JwtAuthFilter - GET /trainers/18/sessions
2024-06-29 17:39:08 INFO  g.a.cf.gymapp.filters.JwtAuthFilter - GET /trainers/18/sessions
2024-06-29 17:39:13 INFO  g.a.cf.gymapp.filters.JwtAuthFilter - GET /trainers/18
2024-06-29 17:39:14 INFO  g.a.cf.gymapp.filters.JwtAuthFilter - GET /trainers/18
2024-06-29 17:39:28 INFO  g.a.cf.gymapp.filters.JwtAuthFilter - GET /trainers/18
2024-06-29 17:39:30 INFO  g.a.cf.gymapp.filters.JwtAuthFilter - GET /trainers/18
2024-06-29 17:39:33 INFO  g.a.cf.gymapp.filters.JwtAuthFilter - GET /trainers/18
2024-06-29 17:39:33 INFO  g.a.cf.gymapp.filters.JwtAuthFilter - GET /trainers/18
2024-06-29 17:39:34 INFO  g.a.cf.gymapp.filters.JwtAuthFilter - GET /trainers/18
2024-06-29 17:39:37 INFO  g.a.cf.gymapp.filters.JwtAuthFilter - GET /trainers/18/sessions
2024-06-29 17:41:13 INFO  g.a.cf.gymapp.filters.JwtAuthFilter - GET /trainers/18
2024-06-29 17:41:13 INFO  g.a.cf.gymapp.filters.JwtAuthFilter - GET /trainers/18
2024-06-29 17:41:16 INFO  g.a.cf.gymapp.filters.JwtAuthFilter - GET /trainers/18
2024-06-29 17:41:20 INFO  g.a.cf.gymapp.filters.JwtAuthFilter - GET /trainers/18
2024-06-29 17:41:22 INFO  g.a.cf.gymapp.filters.JwtAuthFilter - GET /trainers/18
2024-06-29 17:41:24 INFO  g.a.cf.gymapp.filters.JwtAuthFilter - GET /trainers/18
2024-06-29 17:41:24 INFO  g.a.cf.gymapp.filters.JwtAuthFilter - GET /trainers/18
2024-06-29 17:41:29 INFO  g.a.cf.gymapp.filters.JwtAuthFilter - GET /trainers/18
2024-06-29 17:41:33 INFO  g.a.cf.gymapp.filters.JwtAuthFilter - GET /trainers/18
2024-06-29 17:41:35 INFO  g.a.cf.gymapp.filters.JwtAuthFilter - GET /trainers/18
2024-06-29 17:41:38 INFO  g.a.cf.gymapp.filters.JwtAuthFilter - GET /trainers/18
2024-06-29 17:41:46 INFO  g.a.cf.gymapp.filters.JwtAuthFilter - GET /trainers/18
2024-06-29 17:41:47 INFO  g.a.cf.gymapp.filters.JwtAuthFilter - GET /trainers/18
2024-06-29 17:41:51 INFO  g.a.cf.gymapp.filters.JwtAuthFilter - GET /trainers/18
2024-06-29 17:41:52 INFO  g.a.cf.gymapp.filters.JwtAuthFilter - GET /trainers/18
2024-06-29 17:41:53 INFO  g.a.cf.gymapp.filters.JwtAuthFilter - GET /trainers/18
2024-06-29 17:42:01 INFO  g.a.cf.gymapp.filters.JwtAuthFilter - GET /trainers/18
2024-06-29 17:42:03 INFO  g.a.cf.gymapp.filters.JwtAuthFilter - GET /trainers/18
2024-06-29 17:42:04 INFO  g.a.cf.gymapp.filters.JwtAuthFilter - GET /trainers/18
2024-06-29 17:42:05 INFO  g.a.cf.gymapp.filters.JwtAuthFilter - GET /trainers/18
2024-06-29 17:42:06 INFO  g.a.cf.gymapp.filters.JwtAuthFilter - GET /trainers/18
2024-06-29 17:42:07 INFO  g.a.cf.gymapp.filters.JwtAuthFilter - GET /trainers/18
2024-06-29 17:42:10 INFO  g.a.cf.gymapp.filters.JwtAuthFilter - GET /trainers/18
2024-06-29 17:42:11 INFO  g.a.cf.gymapp.filters.JwtAuthFilter - GET /trainers/18
2024-06-29 17:42:27 INFO  g.a.cf.gymapp.filters.JwtAuthFilter - GET /trainers/18/sessions
2024-06-29 17:42:35 INFO  g.a.cf.gymapp.filters.JwtAuthFilter - GET /trainers/18/sessions
2024-06-29 17:42:46 INFO  g.a.cf.gymapp.filters.JwtAuthFilter - GET /trainers/18
2024-06-29 17:42:47 INFO  g.a.cf.gymapp.filters.JwtAuthFilter - GET /trainers/18
2024-06-29 17:42:49 INFO  g.a.cf.gymapp.filters.JwtAuthFilter - GET /trainers/18
2024-06-29 17:42:52 INFO  g.a.cf.gymapp.filters.JwtAuthFilter - GET /trainers/18
2024-06-29 17:42:53 INFO  g.a.cf.gymapp.filters.JwtAuthFilter - GET /trainers/18
2024-06-29 17:42:56 INFO  g.a.cf.gymapp.filters.JwtAuthFilter - GET /trainers/18/sessions
2024-06-29 17:43:38 INFO  g.a.cf.gymapp.filters.JwtAuthFilter - GET /trainers/18
2024-06-29 17:43:40 INFO  g.a.cf.gymapp.filters.JwtAuthFilter - GET /trainers/18
2024-06-29 17:43:41 INFO  g.a.cf.gymapp.filters.JwtAuthFilter - GET /trainers/18
2024-06-29 17:43:44 INFO  g.a.cf.gymapp.filters.JwtAuthFilter - GET /trainers/18/sessions
2024-06-29 17:43:52 INFO  g.a.cf.gymapp.filters.JwtAuthFilter - GET /trainers/18
2024-06-29 17:43:53 INFO  g.a.cf.gymapp.filters.JwtAuthFilter - GET /trainers/18
2024-06-29 17:43:56 INFO  g.a.cf.gymapp.filters.JwtAuthFilter - POST /sessions
2024-06-29 17:43:57 INFO  g.a.cf.gymapp.filters.JwtAuthFilter - GET /refresh
2024-06-29 17:43:59 INFO  g.a.cf.gymapp.filters.JwtAuthFilter - GET /trainers/18/sessions
2024-06-29 17:46:33 INFO  g.a.cf.gymapp.filters.JwtAuthFilter - GET /trainers/18/sessions
2024-06-29 17:46:44 INFO  g.a.cf.gymapp.filters.JwtAuthFilter - GET /trainers/18/sessions
2024-06-29 17:46:49 INFO  g.a.cf.gymapp.filters.JwtAuthFilter - GET /trainers/18/sessions
2024-06-29 17:47:05 INFO  g.a.cf.gymapp.filters.JwtAuthFilter - GET /trainers/18
2024-06-29 17:47:05 INFO  g.a.cf.gymapp.filters.JwtAuthFilter - GET /trainers/18
2024-06-29 17:47:06 INFO  g.a.cf.gymapp.filters.JwtAuthFilter - GET /trainers/18
2024-06-29 17:47:16 INFO  g.a.cf.gymapp.filters.JwtAuthFilter - GET /trainers/18
2024-06-29 17:47:17 INFO  g.a.cf.gymapp.filters.JwtAuthFilter - GET /trainers/18
2024-06-29 17:47:19 INFO  g.a.cf.gymapp.filters.JwtAuthFilter - GET /trainers/18
2024-06-29 17:47:20 INFO  g.a.cf.gymapp.filters.JwtAuthFilter - GET /trainers/18
2024-06-29 17:47:22 INFO  g.a.cf.gymapp.filters.JwtAuthFilter - GET /trainers/18
2024-06-29 17:47:24 INFO  g.a.cf.gymapp.filters.JwtAuthFilter - GET /trainers/18
2024-06-29 17:47:26 INFO  g.a.cf.gymapp.filters.JwtAuthFilter - GET /trainers/18
2024-06-29 17:47:28 INFO  g.a.cf.gymapp.filters.JwtAuthFilter - GET /trainers/18
2024-06-29 17:47:29 INFO  g.a.cf.gymapp.filters.JwtAuthFilter - GET /trainers/18
2024-06-29 17:47:30 INFO  g.a.cf.gymapp.filters.JwtAuthFilter - GET /trainers/18
2024-06-29 17:47:33 INFO  g.a.cf.gymapp.filters.JwtAuthFilter - GET /trainers/18/sessions
2024-06-29 17:47:50 INFO  g.a.cf.gymapp.filters.JwtAuthFilter - GET /trainers/18/sessions
2024-06-29 17:48:41 INFO  g.a.cf.gymapp.filters.JwtAuthFilter - GET /trainers/18
2024-06-29 17:48:41 INFO  g.a.cf.gymapp.filters.JwtAuthFilter - GET /trainers/18
2024-06-29 17:49:22 INFO  g.a.cf.gymapp.filters.JwtAuthFilter - GET /trainers/18
2024-06-29 17:49:35 INFO  g.a.cf.gymapp.filters.JwtAuthFilter - GET /trainers/18/sessions
2024-06-29 17:49:47 INFO  g.a.cf.gymapp.filters.JwtAuthFilter - GET /trainers/18/sessions
2024-06-29 17:50:27 INFO  g.a.cf.gymapp.filters.JwtAuthFilter - GET /trainers/18
2024-06-29 17:50:29 INFO  g.a.cf.gymapp.filters.JwtAuthFilter - GET /trainers/18/sessions
2024-06-29 17:50:29 INFO  g.a.cf.gymapp.filters.JwtAuthFilter - GET /trainers/18
2024-06-29 17:50:31 INFO  g.a.cf.gymapp.filters.JwtAuthFilter - GET /trainers/18
2024-06-29 17:51:04 INFO  g.a.cf.gymapp.filters.JwtAuthFilter - GET /trainers/18
2024-06-29 17:51:06 INFO  g.a.cf.gymapp.filters.JwtAuthFilter - GET /trainers/18
2024-06-29 17:51:07 INFO  g.a.cf.gymapp.filters.JwtAuthFilter - GET /trainers/18/sessions
2024-06-29 17:51:12 INFO  g.a.cf.gymapp.filters.JwtAuthFilter - GET /trainers/18/sessions
2024-06-29 17:51:28 INFO  g.a.cf.gymapp.filters.JwtAuthFilter - GET /trainers/18
2024-06-29 17:51:29 INFO  g.a.cf.gymapp.filters.JwtAuthFilter - GET /trainers/18
2024-06-29 17:51:35 INFO  g.a.cf.gymapp.filters.JwtAuthFilter - GET /trainers/18
2024-06-29 17:51:44 INFO  g.a.cf.gymapp.filters.JwtAuthFilter - GET /trainers/18/sessions
2024-06-29 17:51:44 INFO  g.a.cf.gymapp.filters.JwtAuthFilter - GET /trainers/18
2024-06-29 17:51:57 INFO  g.a.cf.gymapp.filters.JwtAuthFilter - GET /trainers/18
2024-06-29 17:51:58 INFO  g.a.cf.gymapp.filters.JwtAuthFilter - GET /trainers/18
2024-06-29 17:52:00 INFO  g.a.cf.gymapp.filters.JwtAuthFilter - GET /trainers/18
2024-06-29 17:52:05 INFO  g.a.cf.gymapp.filters.JwtAuthFilter - GET /trainers/18
2024-06-29 17:52:05 INFO  g.a.cf.gymapp.filters.JwtAuthFilter - GET /trainers/18
2024-06-29 17:52:15 INFO  g.a.cf.gymapp.filters.JwtAuthFilter - GET /trainers/18
2024-06-29 17:52:19 INFO  g.a.cf.gymapp.filters.JwtAuthFilter - GET /trainers/18
2024-06-29 17:52:19 INFO  g.a.cf.gymapp.filters.JwtAuthFilter - GET /trainers/18/sessions
2024-06-29 17:52:24 INFO  g.a.cf.gymapp.filters.JwtAuthFilter - GET /trainers/18/sessions
2024-06-29 17:52:36 INFO  g.a.cf.gymapp.filters.JwtAuthFilter - GET /trainers/18
2024-06-29 17:52:36 INFO  g.a.cf.gymapp.filters.JwtAuthFilter - GET /trainers/18
2024-06-29 17:52:38 INFO  g.a.cf.gymapp.filters.JwtAuthFilter - GET /trainers/18
2024-06-29 17:52:39 INFO  g.a.cf.gymapp.filters.JwtAuthFilter - GET /trainers/18
2024-06-29 17:52:39 INFO  g.a.cf.gymapp.filters.JwtAuthFilter - GET /trainers/18
2024-06-29 17:52:42 INFO  g.a.cf.gymapp.filters.JwtAuthFilter - GET /trainers/18
2024-06-29 17:52:42 INFO  g.a.cf.gymapp.filters.JwtAuthFilter - GET /trainers/18
2024-06-29 17:52:43 INFO  g.a.cf.gymapp.filters.JwtAuthFilter - GET /trainers/18
2024-06-29 17:52:44 INFO  g.a.cf.gymapp.filters.JwtAuthFilter - GET /trainers/18
2024-06-29 17:52:49 INFO  g.a.cf.gymapp.filters.JwtAuthFilter - GET /trainers/18
2024-06-29 17:52:51 INFO  g.a.cf.gymapp.filters.JwtAuthFilter - GET /trainers/18
2024-06-29 17:52:52 INFO  g.a.cf.gymapp.filters.JwtAuthFilter - GET /trainers/18
2024-06-29 17:52:54 INFO  g.a.cf.gymapp.filters.JwtAuthFilter - GET /trainers/18
2024-06-29 17:52:54 INFO  g.a.cf.gymapp.filters.JwtAuthFilter - GET /trainers/18
2024-06-29 17:52:57 INFO  g.a.cf.gymapp.filters.JwtAuthFilter - GET /trainers/18
2024-06-29 17:52:58 INFO  g.a.cf.gymapp.filters.JwtAuthFilter - GET /trainers/18
2024-06-29 17:52:59 INFO  g.a.cf.gymapp.filters.JwtAuthFilter - GET /trainers/18
2024-06-29 17:53:02 INFO  g.a.cf.gymapp.filters.JwtAuthFilter - GET /trainers/18/sessions
2024-06-29 17:53:36 INFO  g.a.cf.gymapp.filters.JwtAuthFilter - GET /trainers/18/sessions
2024-06-29 17:53:42 INFO  g.a.cf.gymapp.filters.JwtAuthFilter - GET /trainers/18
2024-06-29 17:53:44 INFO  g.a.cf.gymapp.filters.JwtAuthFilter - GET /trainers/18
2024-06-29 17:53:51 INFO  g.a.cf.gymapp.filters.JwtAuthFilter - GET /trainers/18
2024-06-29 17:53:54 INFO  g.a.cf.gymapp.filters.JwtAuthFilter - GET /trainers/18
2024-06-29 17:53:57 INFO  g.a.cf.gymapp.filters.JwtAuthFilter - GET /trainers/18
2024-06-29 17:53:57 ERROR o.a.c.c.C.[.[.[.[dispatcherServlet] - Servlet.service() for servlet [dispatcherServlet] in context with path [] threw exception
io.jsonwebtoken.ExpiredJwtException: JWT expired 106 milliseconds ago at 2024-06-29T14:53:57.000Z. Current time: 2024-06-29T14:53:57.106Z. Allowed clock skew: 0 milliseconds.
	at io.jsonwebtoken.impl.DefaultJwtParser.parse(DefaultJwtParser.java:682)
	at io.jsonwebtoken.impl.DefaultJwtParser.parse(DefaultJwtParser.java:362)
	at io.jsonwebtoken.impl.DefaultJwtParser.parse(DefaultJwtParser.java:94)
	at io.jsonwebtoken.impl.io.AbstractParser.parse(AbstractParser.java:36)
	at io.jsonwebtoken.impl.io.AbstractParser.parse(AbstractParser.java:29)
	at io.jsonwebtoken.impl.DefaultJwtParser.parseSignedClaims(DefaultJwtParser.java:821)
	at gr.aueb.cf.gymapp.services.JwtService.extractAllClaims(JwtService.java:56)
	at gr.aueb.cf.gymapp.services.JwtService.extractClaim(JwtService.java:62)
	at gr.aueb.cf.gymapp.services.JwtService.extractUsername(JwtService.java:67)
	at gr.aueb.cf.gymapp.filters.JwtAuthFilter.doFilterInternal(JwtAuthFilter.java:52)
	at org.springframework.web.filter.OncePerRequestFilter.doFilter(OncePerRequestFilter.java:116)
	at org.springframework.security.web.FilterChainProxy$VirtualFilterChain.doFilter(FilterChainProxy.java:374)
	at org.springframework.security.web.authentication.logout.LogoutFilter.doFilter(LogoutFilter.java:107)
	at org.springframework.security.web.authentication.logout.LogoutFilter.doFilter(LogoutFilter.java:93)
	at org.springframework.security.web.FilterChainProxy$VirtualFilterChain.doFilter(FilterChainProxy.java:374)
	at org.springframework.web.filter.CorsFilter.doFilterInternal(CorsFilter.java:91)
	at org.springframework.web.filter.OncePerRequestFilter.doFilter(OncePerRequestFilter.java:116)
	at org.springframework.security.web.FilterChainProxy$VirtualFilterChain.doFilter(FilterChainProxy.java:374)
	at org.springframework.security.web.header.HeaderWriterFilter.doHeadersAfter(HeaderWriterFilter.java:90)
	at org.springframework.security.web.header.HeaderWriterFilter.doFilterInternal(HeaderWriterFilter.java:75)
	at org.springframework.web.filter.OncePerRequestFilter.doFilter(OncePerRequestFilter.java:116)
	at org.springframework.security.web.FilterChainProxy$VirtualFilterChain.doFilter(FilterChainProxy.java:374)
	at org.springframework.security.web.context.SecurityContextHolderFilter.doFilter(SecurityContextHolderFilter.java:82)
	at org.springframework.security.web.context.SecurityContextHolderFilter.doFilter(SecurityContextHolderFilter.java:69)
	at org.springframework.security.web.FilterChainProxy$VirtualFilterChain.doFilter(FilterChainProxy.java:374)
	at org.springframework.security.web.context.request.async.WebAsyncManagerIntegrationFilter.doFilterInternal(WebAsyncManagerIntegrationFilter.java:62)
	at org.springframework.web.filter.OncePerRequestFilter.doFilter(OncePerRequestFilter.java:116)
	at org.springframework.security.web.FilterChainProxy$VirtualFilterChain.doFilter(FilterChainProxy.java:374)
	at org.springframework.security.web.session.DisableEncodeUrlFilter.doFilterInternal(DisableEncodeUrlFilter.java:42)
	at org.springframework.web.filter.OncePerRequestFilter.doFilter(OncePerRequestFilter.java:116)
	at org.springframework.security.web.FilterChainProxy$VirtualFilterChain.doFilter(FilterChainProxy.java:374)
	at org.springframework.security.web.FilterChainProxy.doFilterInternal(FilterChainProxy.java:233)
	at org.springframework.security.web.FilterChainProxy.doFilter(FilterChainProxy.java:191)
	at org.springframework.web.filter.CompositeFilter$VirtualFilterChain.doFilter(CompositeFilter.java:113)
	at org.springframework.web.servlet.handler.HandlerMappingIntrospector.lambda$createCacheFilter$3(HandlerMappingIntrospector.java:195)
	at org.springframework.web.filter.CompositeFilter$VirtualFilterChain.doFilter(CompositeFilter.java:113)
	at org.springframework.web.filter.CompositeFilter.doFilter(CompositeFilter.java:74)
	at org.springframework.security.config.annotation.web.configuration.WebMvcSecurityConfiguration$CompositeFilterChainProxy.doFilter(WebMvcSecurityConfiguration.java:230)
	at org.springframework.web.filter.DelegatingFilterProxy.invokeDelegate(DelegatingFilterProxy.java:352)
	at org.springframework.web.filter.DelegatingFilterProxy.doFilter(DelegatingFilterProxy.java:268)
	at org.apache.catalina.core.ApplicationFilterChain.internalDoFilter(ApplicationFilterChain.java:175)
	at org.apache.catalina.core.ApplicationFilterChain.doFilter(ApplicationFilterChain.java:150)
	at org.springframework.web.filter.RequestContextFilter.doFilterInternal(RequestContextFilter.java:100)
	at org.springframework.web.filter.OncePerRequestFilter.doFilter(OncePerRequestFilter.java:116)
	at org.apache.catalina.core.ApplicationFilterChain.internalDoFilter(ApplicationFilterChain.java:175)
	at org.apache.catalina.core.ApplicationFilterChain.doFilter(ApplicationFilterChain.java:150)
	at org.springframework.web.filter.FormContentFilter.doFilterInternal(FormContentFilter.java:93)
	at org.springframework.web.filter.OncePerRequestFilter.doFilter(OncePerRequestFilter.java:116)
	at org.apache.catalina.core.ApplicationFilterChain.internalDoFilter(ApplicationFilterChain.java:175)
	at org.apache.catalina.core.ApplicationFilterChain.doFilter(ApplicationFilterChain.java:150)
	at org.springframework.web.filter.CharacterEncodingFilter.doFilterInternal(CharacterEncodingFilter.java:201)
	at org.springframework.web.filter.OncePerRequestFilter.doFilter(OncePerRequestFilter.java:116)
	at org.apache.catalina.core.ApplicationFilterChain.internalDoFilter(ApplicationFilterChain.java:175)
	at org.apache.catalina.core.ApplicationFilterChain.doFilter(ApplicationFilterChain.java:150)
	at org.apache.catalina.core.StandardWrapperValve.invoke(StandardWrapperValve.java:167)
	at org.apache.catalina.core.StandardContextValve.invoke(StandardContextValve.java:90)
	at org.apache.catalina.authenticator.AuthenticatorBase.invoke(AuthenticatorBase.java:482)
	at org.apache.catalina.core.StandardHostValve.invoke(StandardHostValve.java:115)
	at org.apache.catalina.valves.ErrorReportValve.invoke(ErrorReportValve.java:93)
	at org.apache.catalina.core.StandardEngineValve.invoke(StandardEngineValve.java:74)
	at org.apache.catalina.connector.CoyoteAdapter.service(CoyoteAdapter.java:344)
	at org.apache.coyote.http11.Http11Processor.service(Http11Processor.java:391)
	at org.apache.coyote.AbstractProcessorLight.process(AbstractProcessorLight.java:63)
	at org.apache.coyote.AbstractProtocol$ConnectionHandler.process(AbstractProtocol.java:896)
	at org.apache.tomcat.util.net.NioEndpoint$SocketProcessor.doRun(NioEndpoint.java:1736)
	at org.apache.tomcat.util.net.SocketProcessorBase.run(SocketProcessorBase.java:52)
	at org.apache.tomcat.util.threads.ThreadPoolExecutor.runWorker(ThreadPoolExecutor.java:1191)
	at org.apache.tomcat.util.threads.ThreadPoolExecutor$Worker.run(ThreadPoolExecutor.java:659)
	at org.apache.tomcat.util.threads.TaskThread$WrappingRunnable.run(TaskThread.java:63)
	at java.base/java.lang.Thread.run(Thread.java:840)
2024-06-29 17:54:11 INFO  g.a.cf.gymapp.filters.JwtAuthFilter - POST /login
2024-06-29 17:54:12 INFO  g.a.cf.gymapp.filters.JwtAuthFilter - GET /refresh
2024-06-29 17:54:17 INFO  g.a.cf.gymapp.filters.JwtAuthFilter - GET /trainers/trainer/Chourdakis
2024-06-29 17:54:17 INFO  g.a.cf.gymapp.filters.JwtAuthFilter - GET /refresh
2024-06-29 17:54:18 INFO  g.a.cf.gymapp.filters.JwtAuthFilter - GET /trainers/17
2024-06-29 17:54:25 INFO  g.a.cf.gymapp.filters.JwtAuthFilter - GET /trainers/17/sessions
2024-06-29 17:54:28 INFO  g.a.cf.gymapp.filters.JwtAuthFilter - POST /sessions
2024-06-29 17:54:28 INFO  g.a.cf.gymapp.filters.JwtAuthFilter - GET /refresh
2024-06-29 17:54:52 INFO  g.a.cf.gymapp.filters.JwtAuthFilter - GET /trainers/17/sessions
2024-06-29 17:54:53 INFO  g.a.cf.gymapp.filters.JwtAuthFilter - POST /sessions
2024-06-29 17:54:53 INFO  g.a.cf.gymapp.filters.JwtAuthFilter - GET /refresh
2024-06-29 17:54:59 INFO  g.a.cf.gymapp.filters.JwtAuthFilter - GET /trainers/17/sessions
2024-06-29 17:55:06 INFO  g.a.cf.gymapp.filters.JwtAuthFilter - GET /trainers/17/sessions
2024-06-29 17:56:03 INFO  g.a.cf.gymapp.filters.JwtAuthFilter - GET /trainers/17/sessions
2024-06-29 17:56:09 INFO  g.a.cf.gymapp.filters.JwtAuthFilter - GET /trainers/17/sessions
2024-06-29 17:56:20 INFO  g.a.cf.gymapp.filters.JwtAuthFilter - GET /trainers/17
2024-06-29 17:56:20 INFO  g.a.cf.gymapp.filters.JwtAuthFilter - GET /trainers/17
2024-06-29 17:56:25 INFO  g.a.cf.gymapp.filters.JwtAuthFilter - GET /trainers/17
2024-06-29 17:56:29 INFO  g.a.cf.gymapp.filters.JwtAuthFilter - GET /trainers/17/sessions
2024-06-29 17:56:31 INFO  g.a.cf.gymapp.filters.JwtAuthFilter - GET /trainers/17/sessions
2024-06-29 17:57:30 INFO  g.a.cf.gymapp.filters.JwtAuthFilter - GET /trainers/17
2024-06-29 17:57:33 INFO  g.a.cf.gymapp.filters.JwtAuthFilter - GET /trainers/17
2024-06-29 17:57:35 INFO  g.a.cf.gymapp.filters.JwtAuthFilter - GET /trainers/17
2024-06-29 17:57:35 INFO  g.a.cf.gymapp.filters.JwtAuthFilter - GET /trainers/17
2024-06-29 17:57:38 INFO  g.a.cf.gymapp.filters.JwtAuthFilter - GET /trainers/17
2024-06-29 17:57:42 INFO  g.a.cf.gymapp.filters.JwtAuthFilter - GET /trainers/17/sessions
2024-06-29 17:57:46 INFO  g.a.cf.gymapp.filters.JwtAuthFilter - GET /trainers/17/sessions
2024-06-29 17:57:48 INFO  g.a.cf.gymapp.filters.JwtAuthFilter - GET /trainers/17/sessions
2024-06-29 17:58:00 INFO  g.a.cf.gymapp.filters.JwtAuthFilter - GET /trainers/17/sessions
2024-06-29 17:58:05 INFO  g.a.cf.gymapp.filters.JwtAuthFilter - GET /trainers/17/sessions
2024-06-29 17:58:33 INFO  g.a.cf.gymapp.filters.JwtAuthFilter - GET /trainers/17
2024-06-29 17:58:34 INFO  g.a.cf.gymapp.filters.JwtAuthFilter - GET /trainers/17
2024-06-29 17:58:42 INFO  g.a.cf.gymapp.filters.JwtAuthFilter - GET /trainers/17
2024-06-29 17:58:52 INFO  g.a.cf.gymapp.filters.JwtAuthFilter - GET /trainers/17
2024-06-29 17:58:56 INFO  g.a.cf.gymapp.filters.JwtAuthFilter - GET /trainers/17
2024-06-29 17:59:02 INFO  g.a.cf.gymapp.filters.JwtAuthFilter - GET /trainers/17
2024-06-29 17:59:05 INFO  g.a.cf.gymapp.filters.JwtAuthFilter - GET /trainers/17
2024-06-29 17:59:06 INFO  g.a.cf.gymapp.filters.JwtAuthFilter - GET /trainers/17
2024-06-29 17:59:08 INFO  g.a.cf.gymapp.filters.JwtAuthFilter - GET /trainers/17
2024-06-29 17:59:08 INFO  g.a.cf.gymapp.filters.JwtAuthFilter - GET /trainers/17
2024-06-29 17:59:11 INFO  g.a.cf.gymapp.filters.JwtAuthFilter - GET /trainers/17
2024-06-29 17:59:13 INFO  g.a.cf.gymapp.filters.JwtAuthFilter - GET /trainers/17
2024-06-29 17:59:15 INFO  g.a.cf.gymapp.filters.JwtAuthFilter - GET /trainers/17
2024-06-29 17:59:16 INFO  g.a.cf.gymapp.filters.JwtAuthFilter - GET /trainers/17
2024-06-29 17:59:28 INFO  g.a.cf.gymapp.filters.JwtAuthFilter - GET /trainers/17
2024-06-29 17:59:31 INFO  g.a.cf.gymapp.filters.JwtAuthFilter - GET /trainers/17/sessions
2024-06-29 17:59:31 INFO  g.a.cf.gymapp.filters.JwtAuthFilter - GET /trainers/17
2024-06-29 17:59:53 INFO  g.a.cf.gymapp.filters.JwtAuthFilter - GET /trainers/17
2024-06-29 17:59:54 INFO  g.a.cf.gymapp.filters.JwtAuthFilter - GET /trainers/17
2024-06-29 17:59:57 INFO  g.a.cf.gymapp.filters.JwtAuthFilter - GET /trainers/17
2024-06-29 17:59:57 INFO  g.a.cf.gymapp.filters.JwtAuthFilter - GET /trainers/17
2024-06-29 18:00:10 INFO  g.a.cf.gymapp.filters.JwtAuthFilter - GET /trainers/17/sessions
2024-06-29 18:02:02 INFO  g.a.cf.gymapp.filters.JwtAuthFilter - GET /trainers/17
2024-06-29 18:02:08 INFO  g.a.cf.gymapp.filters.JwtAuthFilter - GET /trainers/17
2024-06-29 18:02:09 INFO  g.a.cf.gymapp.filters.JwtAuthFilter - GET /trainers/17
2024-06-29 18:02:13 INFO  g.a.cf.gymapp.filters.JwtAuthFilter - GET /trainers/17
2024-06-29 18:02:19 INFO  g.a.cf.gymapp.filters.JwtAuthFilter - GET /trainers/17
2024-06-29 18:02:20 INFO  g.a.cf.gymapp.filters.JwtAuthFilter - GET /trainers/17
2024-06-29 18:02:22 INFO  g.a.cf.gymapp.filters.JwtAuthFilter - GET /trainers/17
2024-06-29 18:02:23 INFO  g.a.cf.gymapp.filters.JwtAuthFilter - GET /trainers/17
2024-06-29 18:02:25 INFO  g.a.cf.gymapp.filters.JwtAuthFilter - GET /trainers/17
2024-06-29 18:02:28 INFO  g.a.cf.gymapp.filters.JwtAuthFilter - GET /trainers/17
2024-06-29 18:02:30 INFO  g.a.cf.gymapp.filters.JwtAuthFilter - GET /trainers/17
2024-06-29 18:02:37 INFO  g.a.cf.gymapp.filters.JwtAuthFilter - GET /trainers/17/sessions
2024-06-29 18:02:41 INFO  g.a.cf.gymapp.filters.JwtAuthFilter - GET /trainers/17/sessions
2024-06-29 18:02:42 INFO  g.a.cf.gymapp.filters.JwtAuthFilter - GET /trainers/17/sessions
2024-06-29 18:02:43 INFO  g.a.cf.gymapp.filters.JwtAuthFilter - GET /trainers/17/sessions
2024-06-29 18:03:42 INFO  g.a.cf.gymapp.filters.JwtAuthFilter - GET /trainers/17/sessions
2024-06-29 18:04:13 INFO  g.a.cf.gymapp.filters.JwtAuthFilter - GET /trainers/17
2024-06-29 18:04:23 INFO  g.a.cf.gymapp.filters.JwtAuthFilter - GET /trainers/17
2024-06-29 18:04:25 INFO  g.a.cf.gymapp.filters.JwtAuthFilter - GET /trainers/17
2024-06-29 18:04:30 INFO  g.a.cf.gymapp.filters.JwtAuthFilter - GET /trainers/17
2024-06-29 18:04:36 INFO  g.a.cf.gymapp.filters.JwtAuthFilter - GET /trainers/17
2024-06-29 18:04:38 INFO  g.a.cf.gymapp.filters.JwtAuthFilter - GET /trainers/17
2024-06-29 18:04:51 INFO  g.a.cf.gymapp.filters.JwtAuthFilter - GET /trainers/17
2024-06-29 18:05:05 INFO  g.a.cf.gymapp.filters.JwtAuthFilter - GET /trainers/17
2024-06-29 18:05:06 ERROR o.a.c.c.C.[.[.[.[dispatcherServlet] - Servlet.service() for servlet [dispatcherServlet] in context with path [] threw exception
io.jsonwebtoken.ExpiredJwtException: JWT expired 12984 milliseconds ago at 2024-06-29T15:04:53.000Z. Current time: 2024-06-29T15:05:05.984Z. Allowed clock skew: 0 milliseconds.
	at io.jsonwebtoken.impl.DefaultJwtParser.parse(DefaultJwtParser.java:682)
	at io.jsonwebtoken.impl.DefaultJwtParser.parse(DefaultJwtParser.java:362)
	at io.jsonwebtoken.impl.DefaultJwtParser.parse(DefaultJwtParser.java:94)
	at io.jsonwebtoken.impl.io.AbstractParser.parse(AbstractParser.java:36)
	at io.jsonwebtoken.impl.io.AbstractParser.parse(AbstractParser.java:29)
	at io.jsonwebtoken.impl.DefaultJwtParser.parseSignedClaims(DefaultJwtParser.java:821)
	at gr.aueb.cf.gymapp.services.JwtService.extractAllClaims(JwtService.java:56)
	at gr.aueb.cf.gymapp.services.JwtService.extractClaim(JwtService.java:62)
	at gr.aueb.cf.gymapp.services.JwtService.extractUsername(JwtService.java:67)
	at gr.aueb.cf.gymapp.filters.JwtAuthFilter.doFilterInternal(JwtAuthFilter.java:52)
	at org.springframework.web.filter.OncePerRequestFilter.doFilter(OncePerRequestFilter.java:116)
	at org.springframework.security.web.FilterChainProxy$VirtualFilterChain.doFilter(FilterChainProxy.java:374)
	at org.springframework.security.web.authentication.logout.LogoutFilter.doFilter(LogoutFilter.java:107)
	at org.springframework.security.web.authentication.logout.LogoutFilter.doFilter(LogoutFilter.java:93)
	at org.springframework.security.web.FilterChainProxy$VirtualFilterChain.doFilter(FilterChainProxy.java:374)
	at org.springframework.web.filter.CorsFilter.doFilterInternal(CorsFilter.java:91)
	at org.springframework.web.filter.OncePerRequestFilter.doFilter(OncePerRequestFilter.java:116)
	at org.springframework.security.web.FilterChainProxy$VirtualFilterChain.doFilter(FilterChainProxy.java:374)
	at org.springframework.security.web.header.HeaderWriterFilter.doHeadersAfter(HeaderWriterFilter.java:90)
	at org.springframework.security.web.header.HeaderWriterFilter.doFilterInternal(HeaderWriterFilter.java:75)
	at org.springframework.web.filter.OncePerRequestFilter.doFilter(OncePerRequestFilter.java:116)
	at org.springframework.security.web.FilterChainProxy$VirtualFilterChain.doFilter(FilterChainProxy.java:374)
	at org.springframework.security.web.context.SecurityContextHolderFilter.doFilter(SecurityContextHolderFilter.java:82)
	at org.springframework.security.web.context.SecurityContextHolderFilter.doFilter(SecurityContextHolderFilter.java:69)
	at org.springframework.security.web.FilterChainProxy$VirtualFilterChain.doFilter(FilterChainProxy.java:374)
	at org.springframework.security.web.context.request.async.WebAsyncManagerIntegrationFilter.doFilterInternal(WebAsyncManagerIntegrationFilter.java:62)
	at org.springframework.web.filter.OncePerRequestFilter.doFilter(OncePerRequestFilter.java:116)
	at org.springframework.security.web.FilterChainProxy$VirtualFilterChain.doFilter(FilterChainProxy.java:374)
	at org.springframework.security.web.session.DisableEncodeUrlFilter.doFilterInternal(DisableEncodeUrlFilter.java:42)
	at org.springframework.web.filter.OncePerRequestFilter.doFilter(OncePerRequestFilter.java:116)
	at org.springframework.security.web.FilterChainProxy$VirtualFilterChain.doFilter(FilterChainProxy.java:374)
	at org.springframework.security.web.FilterChainProxy.doFilterInternal(FilterChainProxy.java:233)
	at org.springframework.security.web.FilterChainProxy.doFilter(FilterChainProxy.java:191)
	at org.springframework.web.filter.CompositeFilter$VirtualFilterChain.doFilter(CompositeFilter.java:113)
	at org.springframework.web.servlet.handler.HandlerMappingIntrospector.lambda$createCacheFilter$3(HandlerMappingIntrospector.java:195)
	at org.springframework.web.filter.CompositeFilter$VirtualFilterChain.doFilter(CompositeFilter.java:113)
	at org.springframework.web.filter.CompositeFilter.doFilter(CompositeFilter.java:74)
	at org.springframework.security.config.annotation.web.configuration.WebMvcSecurityConfiguration$CompositeFilterChainProxy.doFilter(WebMvcSecurityConfiguration.java:230)
	at org.springframework.web.filter.DelegatingFilterProxy.invokeDelegate(DelegatingFilterProxy.java:352)
	at org.springframework.web.filter.DelegatingFilterProxy.doFilter(DelegatingFilterProxy.java:268)
	at org.apache.catalina.core.ApplicationFilterChain.internalDoFilter(ApplicationFilterChain.java:175)
	at org.apache.catalina.core.ApplicationFilterChain.doFilter(ApplicationFilterChain.java:150)
	at org.springframework.web.filter.RequestContextFilter.doFilterInternal(RequestContextFilter.java:100)
	at org.springframework.web.filter.OncePerRequestFilter.doFilter(OncePerRequestFilter.java:116)
	at org.apache.catalina.core.ApplicationFilterChain.internalDoFilter(ApplicationFilterChain.java:175)
	at org.apache.catalina.core.ApplicationFilterChain.doFilter(ApplicationFilterChain.java:150)
	at org.springframework.web.filter.FormContentFilter.doFilterInternal(FormContentFilter.java:93)
	at org.springframework.web.filter.OncePerRequestFilter.doFilter(OncePerRequestFilter.java:116)
	at org.apache.catalina.core.ApplicationFilterChain.internalDoFilter(ApplicationFilterChain.java:175)
	at org.apache.catalina.core.ApplicationFilterChain.doFilter(ApplicationFilterChain.java:150)
	at org.springframework.web.filter.CharacterEncodingFilter.doFilterInternal(CharacterEncodingFilter.java:201)
	at org.springframework.web.filter.OncePerRequestFilter.doFilter(OncePerRequestFilter.java:116)
	at org.apache.catalina.core.ApplicationFilterChain.internalDoFilter(ApplicationFilterChain.java:175)
	at org.apache.catalina.core.ApplicationFilterChain.doFilter(ApplicationFilterChain.java:150)
	at org.apache.catalina.core.StandardWrapperValve.invoke(StandardWrapperValve.java:167)
	at org.apache.catalina.core.StandardContextValve.invoke(StandardContextValve.java:90)
	at org.apache.catalina.authenticator.AuthenticatorBase.invoke(AuthenticatorBase.java:482)
	at org.apache.catalina.core.StandardHostValve.invoke(StandardHostValve.java:115)
	at org.apache.catalina.valves.ErrorReportValve.invoke(ErrorReportValve.java:93)
	at org.apache.catalina.core.StandardEngineValve.invoke(StandardEngineValve.java:74)
	at org.apache.catalina.connector.CoyoteAdapter.service(CoyoteAdapter.java:344)
	at org.apache.coyote.http11.Http11Processor.service(Http11Processor.java:391)
	at org.apache.coyote.AbstractProcessorLight.process(AbstractProcessorLight.java:63)
	at org.apache.coyote.AbstractProtocol$ConnectionHandler.process(AbstractProtocol.java:896)
	at org.apache.tomcat.util.net.NioEndpoint$SocketProcessor.doRun(NioEndpoint.java:1736)
	at org.apache.tomcat.util.net.SocketProcessorBase.run(SocketProcessorBase.java:52)
	at org.apache.tomcat.util.threads.ThreadPoolExecutor.runWorker(ThreadPoolExecutor.java:1191)
	at org.apache.tomcat.util.threads.ThreadPoolExecutor$Worker.run(ThreadPoolExecutor.java:659)
	at org.apache.tomcat.util.threads.TaskThread$WrappingRunnable.run(TaskThread.java:63)
	at java.base/java.lang.Thread.run(Thread.java:840)
2024-06-29 18:05:51 INFO  g.a.cf.gymapp.filters.JwtAuthFilter - GET /refresh
2024-06-29 18:06:01 INFO  g.a.cf.gymapp.filters.JwtAuthFilter - POST /login
2024-06-29 18:06:02 INFO  g.a.cf.gymapp.filters.JwtAuthFilter - GET /refresh
2024-06-29 18:06:10 INFO  g.a.cf.gymapp.filters.JwtAuthFilter - GET /trainers/trainer/Chourdakis
2024-06-29 18:06:10 INFO  g.a.cf.gymapp.filters.JwtAuthFilter - GET /refresh
2024-06-29 18:06:12 INFO  g.a.cf.gymapp.filters.JwtAuthFilter - GET /trainers/17
2024-06-29 18:06:22 INFO  g.a.cf.gymapp.filters.JwtAuthFilter - GET /trainers/17/sessions
2024-06-29 18:07:06 INFO  g.a.cf.gymapp.filters.JwtAuthFilter - GET /trainers/17
2024-06-29 18:07:08 INFO  g.a.cf.gymapp.filters.JwtAuthFilter - GET /trainers/17
2024-06-29 18:07:11 INFO  g.a.cf.gymapp.filters.JwtAuthFilter - GET /trainers/17
2024-06-29 18:07:13 INFO  g.a.cf.gymapp.filters.JwtAuthFilter - GET /trainers/17
2024-06-29 18:07:17 INFO  g.a.cf.gymapp.filters.JwtAuthFilter - GET /trainers/17/sessions
2024-06-29 18:07:37 INFO  g.a.cf.gymapp.filters.JwtAuthFilter - GET /trainers/17/sessions
2024-06-29 18:09:07 INFO  g.a.cf.gymapp.filters.JwtAuthFilter - GET /trainers/17
2024-06-29 18:09:13 INFO  g.a.cf.gymapp.filters.JwtAuthFilter - GET /trainers/17
2024-06-29 18:09:17 INFO  g.a.cf.gymapp.filters.JwtAuthFilter - GET /trainers/17
2024-06-29 18:09:17 INFO  g.a.cf.gymapp.filters.JwtAuthFilter - GET /trainers/17
2024-06-29 18:09:19 INFO  g.a.cf.gymapp.filters.JwtAuthFilter - GET /trainers/17
2024-06-29 18:09:20 INFO  g.a.cf.gymapp.filters.JwtAuthFilter - GET /trainers/17/sessions
2024-06-29 18:09:25 INFO  g.a.cf.gymapp.filters.JwtAuthFilter - GET /trainers/17/sessions
2024-06-29 18:11:22 INFO  g.a.cf.gymapp.filters.JwtAuthFilter - GET /trainers/17
2024-06-29 18:11:23 INFO  g.a.cf.gymapp.filters.JwtAuthFilter - GET /trainers/17
2024-06-29 18:11:26 INFO  g.a.cf.gymapp.filters.JwtAuthFilter - GET /trainers/17
2024-06-29 18:11:34 INFO  g.a.cf.gymapp.filters.JwtAuthFilter - GET /trainers/17
2024-06-29 18:11:35 INFO  g.a.cf.gymapp.filters.JwtAuthFilter - GET /trainers/17
2024-06-29 18:11:35 INFO  g.a.cf.gymapp.filters.JwtAuthFilter - GET /trainers/17/sessions
2024-06-29 18:11:56 INFO  g.a.cf.gymapp.filters.JwtAuthFilter - GET /trainers/17
2024-06-29 18:11:58 INFO  g.a.cf.gymapp.filters.JwtAuthFilter - GET /trainers/17
2024-06-29 18:12:04 INFO  g.a.cf.gymapp.filters.JwtAuthFilter - GET /trainers/17
2024-06-29 18:12:05 INFO  g.a.cf.gymapp.filters.JwtAuthFilter - GET /trainers/17
2024-06-29 18:12:06 INFO  g.a.cf.gymapp.filters.JwtAuthFilter - GET /trainers/17
2024-06-29 18:12:07 INFO  g.a.cf.gymapp.filters.JwtAuthFilter - GET /trainers/17
2024-06-29 18:12:08 INFO  g.a.cf.gymapp.filters.JwtAuthFilter - GET /trainers/17
2024-06-29 18:12:16 INFO  g.a.cf.gymapp.filters.JwtAuthFilter - GET /trainers/17
2024-06-29 18:12:20 INFO  g.a.cf.gymapp.filters.JwtAuthFilter - GET /trainers/17
2024-06-29 18:12:22 INFO  g.a.cf.gymapp.filters.JwtAuthFilter - GET /trainers/17
2024-06-29 18:12:22 INFO  g.a.cf.gymapp.filters.JwtAuthFilter - GET /trainers/17/sessions
2024-06-29 18:12:23 INFO  g.a.cf.gymapp.filters.JwtAuthFilter - GET /trainers/17
2024-06-29 18:12:27 INFO  g.a.cf.gymapp.filters.JwtAuthFilter - GET /trainers/17/sessions
2024-06-29 18:12:44 INFO  g.a.cf.gymapp.filters.JwtAuthFilter - GET /trainers/17
2024-06-29 18:12:46 INFO  g.a.cf.gymapp.filters.JwtAuthFilter - GET /trainers/17
2024-06-29 18:12:49 INFO  g.a.cf.gymapp.filters.JwtAuthFilter - GET /trainers/17
2024-06-29 18:12:53 INFO  g.a.cf.gymapp.filters.JwtAuthFilter - GET /trainers/17
2024-06-29 18:13:06 INFO  g.a.cf.gymapp.filters.JwtAuthFilter - GET /trainers/17
2024-06-29 18:13:07 INFO  g.a.cf.gymapp.filters.JwtAuthFilter - GET /trainers/17
2024-06-29 18:13:08 INFO  g.a.cf.gymapp.filters.JwtAuthFilter - GET /trainers/17
2024-06-29 18:13:09 INFO  g.a.cf.gymapp.filters.JwtAuthFilter - GET /trainers/17
2024-06-29 18:13:12 INFO  g.a.cf.gymapp.filters.JwtAuthFilter - GET /trainers/17
2024-06-29 18:13:13 INFO  g.a.cf.gymapp.filters.JwtAuthFilter - GET /trainers/17
2024-06-29 18:13:14 INFO  g.a.cf.gymapp.filters.JwtAuthFilter - GET /trainers/17
2024-06-29 18:13:18 INFO  g.a.cf.gymapp.filters.JwtAuthFilter - GET /trainers/17/sessions
2024-06-29 18:13:26 INFO  g.a.cf.gymapp.filters.JwtAuthFilter - GET /trainers/17
2024-06-29 18:13:26 INFO  g.a.cf.gymapp.filters.JwtAuthFilter - GET /trainers/17
2024-06-29 18:13:28 INFO  g.a.cf.gymapp.filters.JwtAuthFilter - GET /trainers/17
2024-06-29 18:13:36 INFO  g.a.cf.gymapp.filters.JwtAuthFilter - GET /trainers/17
2024-06-29 18:13:37 INFO  g.a.cf.gymapp.filters.JwtAuthFilter - GET /trainers/17
2024-06-29 18:13:42 INFO  g.a.cf.gymapp.filters.JwtAuthFilter - GET /trainers/17/sessions
2024-06-29 18:13:56 INFO  g.a.cf.gymapp.filters.JwtAuthFilter - GET /trainers/17
2024-06-29 18:14:01 INFO  g.a.cf.gymapp.filters.JwtAuthFilter - GET /trainers/17
2024-06-29 18:14:02 INFO  g.a.cf.gymapp.filters.JwtAuthFilter - GET /trainers/17
2024-06-29 18:14:04 INFO  g.a.cf.gymapp.filters.JwtAuthFilter - GET /trainers/17
2024-06-29 18:14:09 INFO  g.a.cf.gymapp.filters.JwtAuthFilter - GET /trainers/17
2024-06-29 18:14:10 INFO  g.a.cf.gymapp.filters.JwtAuthFilter - GET /trainers/17
2024-06-29 18:14:17 INFO  g.a.cf.gymapp.filters.JwtAuthFilter - GET /trainers/17
2024-06-29 18:14:17 INFO  g.a.cf.gymapp.filters.JwtAuthFilter - GET /trainers/17
2024-06-29 18:14:21 INFO  g.a.cf.gymapp.filters.JwtAuthFilter - GET /trainers/17/sessions
2024-06-29 18:14:25 INFO  g.a.cf.gymapp.filters.JwtAuthFilter - GET /trainers/17/sessions
2024-06-29 18:14:42 INFO  g.a.cf.gymapp.filters.JwtAuthFilter - GET /trainers/17
2024-06-29 18:14:45 INFO  g.a.cf.gymapp.filters.JwtAuthFilter - GET /trainers/17
2024-06-29 18:14:51 INFO  g.a.cf.gymapp.filters.JwtAuthFilter - GET /trainers/17
2024-06-29 18:14:52 INFO  g.a.cf.gymapp.filters.JwtAuthFilter - GET /trainers/17/sessions
2024-06-29 18:15:07 INFO  g.a.cf.gymapp.filters.JwtAuthFilter - GET /trainers/17
2024-06-29 18:15:19 INFO  g.a.cf.gymapp.filters.JwtAuthFilter - GET /trainers/17/sessions
2024-06-29 18:15:19 INFO  g.a.cf.gymapp.filters.JwtAuthFilter - GET /trainers/17
2024-06-29 18:15:23 INFO  g.a.cf.gymapp.filters.JwtAuthFilter - GET /trainers/17/sessions
2024-06-29 18:15:39 INFO  g.a.cf.gymapp.filters.JwtAuthFilter - GET /trainers/17
2024-06-29 18:15:41 INFO  g.a.cf.gymapp.filters.JwtAuthFilter - GET /trainers/17
2024-06-29 18:15:42 INFO  g.a.cf.gymapp.filters.JwtAuthFilter - GET /trainers/17
2024-06-29 18:15:43 INFO  g.a.cf.gymapp.filters.JwtAuthFilter - GET /trainers/17
2024-06-29 18:15:51 INFO  g.a.cf.gymapp.filters.JwtAuthFilter - GET /trainers/17
2024-06-29 18:15:59 INFO  g.a.cf.gymapp.filters.JwtAuthFilter - GET /trainers/17
2024-06-29 18:16:01 INFO  g.a.cf.gymapp.filters.JwtAuthFilter - GET /trainers/17
2024-06-29 18:16:03 INFO  g.a.cf.gymapp.filters.JwtAuthFilter - GET /trainers/17
2024-06-29 18:16:04 INFO  g.a.cf.gymapp.filters.JwtAuthFilter - GET /trainers/17/sessions
2024-06-29 18:16:06 INFO  g.a.cf.gymapp.filters.JwtAuthFilter - GET /trainers/17/sessions
2024-06-29 18:16:08 INFO  g.a.cf.gymapp.filters.JwtAuthFilter - GET /trainers/17/sessions
2024-06-29 18:16:09 INFO  g.a.cf.gymapp.filters.JwtAuthFilter - GET /trainers/17/sessions
2024-06-29 18:16:20 INFO  g.a.cf.gymapp.filters.JwtAuthFilter - GET /trainers/17/sessions
2024-06-29 18:16:20 ERROR o.a.c.c.C.[.[.[.[dispatcherServlet] - Servlet.service() for servlet [dispatcherServlet] in context with path [] threw exception
io.jsonwebtoken.ExpiredJwtException: JWT expired 10324 milliseconds ago at 2024-06-29T15:16:10.000Z. Current time: 2024-06-29T15:16:20.324Z. Allowed clock skew: 0 milliseconds.
	at io.jsonwebtoken.impl.DefaultJwtParser.parse(DefaultJwtParser.java:682)
	at io.jsonwebtoken.impl.DefaultJwtParser.parse(DefaultJwtParser.java:362)
	at io.jsonwebtoken.impl.DefaultJwtParser.parse(DefaultJwtParser.java:94)
	at io.jsonwebtoken.impl.io.AbstractParser.parse(AbstractParser.java:36)
	at io.jsonwebtoken.impl.io.AbstractParser.parse(AbstractParser.java:29)
	at io.jsonwebtoken.impl.DefaultJwtParser.parseSignedClaims(DefaultJwtParser.java:821)
	at gr.aueb.cf.gymapp.services.JwtService.extractAllClaims(JwtService.java:56)
	at gr.aueb.cf.gymapp.services.JwtService.extractClaim(JwtService.java:62)
	at gr.aueb.cf.gymapp.services.JwtService.extractUsername(JwtService.java:67)
	at gr.aueb.cf.gymapp.filters.JwtAuthFilter.doFilterInternal(JwtAuthFilter.java:52)
	at org.springframework.web.filter.OncePerRequestFilter.doFilter(OncePerRequestFilter.java:116)
	at org.springframework.security.web.FilterChainProxy$VirtualFilterChain.doFilter(FilterChainProxy.java:374)
	at org.springframework.security.web.authentication.logout.LogoutFilter.doFilter(LogoutFilter.java:107)
	at org.springframework.security.web.authentication.logout.LogoutFilter.doFilter(LogoutFilter.java:93)
	at org.springframework.security.web.FilterChainProxy$VirtualFilterChain.doFilter(FilterChainProxy.java:374)
	at org.springframework.web.filter.CorsFilter.doFilterInternal(CorsFilter.java:91)
	at org.springframework.web.filter.OncePerRequestFilter.doFilter(OncePerRequestFilter.java:116)
	at org.springframework.security.web.FilterChainProxy$VirtualFilterChain.doFilter(FilterChainProxy.java:374)
	at org.springframework.security.web.header.HeaderWriterFilter.doHeadersAfter(HeaderWriterFilter.java:90)
	at org.springframework.security.web.header.HeaderWriterFilter.doFilterInternal(HeaderWriterFilter.java:75)
	at org.springframework.web.filter.OncePerRequestFilter.doFilter(OncePerRequestFilter.java:116)
	at org.springframework.security.web.FilterChainProxy$VirtualFilterChain.doFilter(FilterChainProxy.java:374)
	at org.springframework.security.web.context.SecurityContextHolderFilter.doFilter(SecurityContextHolderFilter.java:82)
	at org.springframework.security.web.context.SecurityContextHolderFilter.doFilter(SecurityContextHolderFilter.java:69)
	at org.springframework.security.web.FilterChainProxy$VirtualFilterChain.doFilter(FilterChainProxy.java:374)
	at org.springframework.security.web.context.request.async.WebAsyncManagerIntegrationFilter.doFilterInternal(WebAsyncManagerIntegrationFilter.java:62)
	at org.springframework.web.filter.OncePerRequestFilter.doFilter(OncePerRequestFilter.java:116)
	at org.springframework.security.web.FilterChainProxy$VirtualFilterChain.doFilter(FilterChainProxy.java:374)
	at org.springframework.security.web.session.DisableEncodeUrlFilter.doFilterInternal(DisableEncodeUrlFilter.java:42)
	at org.springframework.web.filter.OncePerRequestFilter.doFilter(OncePerRequestFilter.java:116)
	at org.springframework.security.web.FilterChainProxy$VirtualFilterChain.doFilter(FilterChainProxy.java:374)
	at org.springframework.security.web.FilterChainProxy.doFilterInternal(FilterChainProxy.java:233)
	at org.springframework.security.web.FilterChainProxy.doFilter(FilterChainProxy.java:191)
	at org.springframework.web.filter.CompositeFilter$VirtualFilterChain.doFilter(CompositeFilter.java:113)
	at org.springframework.web.servlet.handler.HandlerMappingIntrospector.lambda$createCacheFilter$3(HandlerMappingIntrospector.java:195)
	at org.springframework.web.filter.CompositeFilter$VirtualFilterChain.doFilter(CompositeFilter.java:113)
	at org.springframework.web.filter.CompositeFilter.doFilter(CompositeFilter.java:74)
	at org.springframework.security.config.annotation.web.configuration.WebMvcSecurityConfiguration$CompositeFilterChainProxy.doFilter(WebMvcSecurityConfiguration.java:230)
	at org.springframework.web.filter.DelegatingFilterProxy.invokeDelegate(DelegatingFilterProxy.java:352)
	at org.springframework.web.filter.DelegatingFilterProxy.doFilter(DelegatingFilterProxy.java:268)
	at org.apache.catalina.core.ApplicationFilterChain.internalDoFilter(ApplicationFilterChain.java:175)
	at org.apache.catalina.core.ApplicationFilterChain.doFilter(ApplicationFilterChain.java:150)
	at org.springframework.web.filter.RequestContextFilter.doFilterInternal(RequestContextFilter.java:100)
	at org.springframework.web.filter.OncePerRequestFilter.doFilter(OncePerRequestFilter.java:116)
	at org.apache.catalina.core.ApplicationFilterChain.internalDoFilter(ApplicationFilterChain.java:175)
	at org.apache.catalina.core.ApplicationFilterChain.doFilter(ApplicationFilterChain.java:150)
	at org.springframework.web.filter.FormContentFilter.doFilterInternal(FormContentFilter.java:93)
	at org.springframework.web.filter.OncePerRequestFilter.doFilter(OncePerRequestFilter.java:116)
	at org.apache.catalina.core.ApplicationFilterChain.internalDoFilter(ApplicationFilterChain.java:175)
	at org.apache.catalina.core.ApplicationFilterChain.doFilter(ApplicationFilterChain.java:150)
	at org.springframework.web.filter.CharacterEncodingFilter.doFilterInternal(CharacterEncodingFilter.java:201)
	at org.springframework.web.filter.OncePerRequestFilter.doFilter(OncePerRequestFilter.java:116)
	at org.apache.catalina.core.ApplicationFilterChain.internalDoFilter(ApplicationFilterChain.java:175)
	at org.apache.catalina.core.ApplicationFilterChain.doFilter(ApplicationFilterChain.java:150)
	at org.apache.catalina.core.StandardWrapperValve.invoke(StandardWrapperValve.java:167)
	at org.apache.catalina.core.StandardContextValve.invoke(StandardContextValve.java:90)
	at org.apache.catalina.authenticator.AuthenticatorBase.invoke(AuthenticatorBase.java:482)
	at org.apache.catalina.core.StandardHostValve.invoke(StandardHostValve.java:115)
	at org.apache.catalina.valves.ErrorReportValve.invoke(ErrorReportValve.java:93)
	at org.apache.catalina.core.StandardEngineValve.invoke(StandardEngineValve.java:74)
	at org.apache.catalina.connector.CoyoteAdapter.service(CoyoteAdapter.java:344)
	at org.apache.coyote.http11.Http11Processor.service(Http11Processor.java:391)
	at org.apache.coyote.AbstractProcessorLight.process(AbstractProcessorLight.java:63)
	at org.apache.coyote.AbstractProtocol$ConnectionHandler.process(AbstractProtocol.java:896)
	at org.apache.tomcat.util.net.NioEndpoint$SocketProcessor.doRun(NioEndpoint.java:1736)
	at org.apache.tomcat.util.net.SocketProcessorBase.run(SocketProcessorBase.java:52)
	at org.apache.tomcat.util.threads.ThreadPoolExecutor.runWorker(ThreadPoolExecutor.java:1191)
	at org.apache.tomcat.util.threads.ThreadPoolExecutor$Worker.run(ThreadPoolExecutor.java:659)
	at org.apache.tomcat.util.threads.TaskThread$WrappingRunnable.run(TaskThread.java:63)
	at java.base/java.lang.Thread.run(Thread.java:840)
2024-06-29 18:16:29 INFO  g.a.cf.gymapp.filters.JwtAuthFilter - POST /login
2024-06-29 18:16:29 INFO  g.a.cf.gymapp.filters.JwtAuthFilter - GET /refresh
2024-06-29 18:16:37 INFO  g.a.cf.gymapp.filters.JwtAuthFilter - GET /trainers/trainer/Chourdakis
2024-06-29 18:16:37 INFO  g.a.cf.gymapp.filters.JwtAuthFilter - GET /refresh
2024-06-29 18:16:38 INFO  g.a.cf.gymapp.filters.JwtAuthFilter - GET /trainers/17
2024-06-29 18:16:49 INFO  g.a.cf.gymapp.filters.JwtAuthFilter - GET /trainers/17/sessions
2024-06-29 18:16:54 INFO  g.a.cf.gymapp.filters.JwtAuthFilter - GET /trainers/17/sessions
2024-06-29 18:16:56 INFO  g.a.cf.gymapp.filters.JwtAuthFilter - GET /trainers/17/sessions
2024-06-29 18:16:58 INFO  g.a.cf.gymapp.filters.JwtAuthFilter - GET /trainers/17/sessions
2024-06-29 18:17:06 INFO  g.a.cf.gymapp.filters.JwtAuthFilter - GET /trainers/17
2024-06-29 18:17:07 INFO  g.a.cf.gymapp.filters.JwtAuthFilter - GET /trainers/17
2024-06-29 18:17:19 INFO  g.a.cf.gymapp.filters.JwtAuthFilter - GET /trainers/17/sessions
2024-06-29 18:17:28 INFO  g.a.cf.gymapp.filters.JwtAuthFilter - GET /trainers/17
2024-06-29 18:17:30 INFO  g.a.cf.gymapp.filters.JwtAuthFilter - GET /trainers/17
2024-06-29 18:17:31 INFO  g.a.cf.gymapp.filters.JwtAuthFilter - GET /trainers/17
2024-06-29 18:17:37 INFO  g.a.cf.gymapp.filters.JwtAuthFilter - GET /trainers/17/sessions
2024-06-29 18:17:39 INFO  g.a.cf.gymapp.filters.JwtAuthFilter - POST /sessions
2024-06-29 18:17:39 INFO  g.a.cf.gymapp.filters.JwtAuthFilter - GET /refresh
2024-06-29 18:17:40 INFO  g.a.cf.gymapp.filters.JwtAuthFilter - GET /trainers/17/sessions
2024-06-29 18:17:47 INFO  g.a.cf.gymapp.filters.JwtAuthFilter - GET /trainers/17/sessions
2024-06-29 18:17:49 INFO  g.a.cf.gymapp.filters.JwtAuthFilter - POST /sessions
2024-06-29 18:17:49 INFO  g.a.cf.gymapp.filters.JwtAuthFilter - GET /refresh
2024-06-29 18:18:07 INFO  g.a.cf.gymapp.filters.JwtAuthFilter - POST /login
2024-06-29 18:18:08 INFO  g.a.cf.gymapp.filters.JwtAuthFilter - GET /refresh
2024-06-29 18:18:17 INFO  g.a.cf.gymapp.filters.JwtAuthFilter - GET /trainers/trainer/CHourdakis
2024-06-29 18:18:17 INFO  g.a.cf.gymapp.filters.JwtAuthFilter - GET /refresh
2024-06-29 18:18:28 INFO  g.a.cf.gymapp.filters.JwtAuthFilter - GET /trainers/trainer/Oeo
2024-06-29 18:18:28 INFO  g.a.cf.gymapp.filters.JwtAuthFilter - GET /refresh
2024-06-29 18:18:33 INFO  g.a.cf.gymapp.filters.JwtAuthFilter - GET /trainers/trainer/Chourdakis
2024-06-29 18:18:33 INFO  g.a.cf.gymapp.filters.JwtAuthFilter - GET /refresh
2024-06-29 18:18:35 INFO  g.a.cf.gymapp.filters.JwtAuthFilter - GET /trainers/18
2024-06-29 18:18:55 INFO  g.a.cf.gymapp.filters.JwtAuthFilter - GET /trainers/18/sessions
2024-06-29 18:19:03 INFO  g.a.cf.gymapp.filters.JwtAuthFilter - POST /sessions
2024-06-29 18:19:03 INFO  g.a.cf.gymapp.filters.JwtAuthFilter - GET /refresh
2024-06-29 18:19:10 INFO  g.a.cf.gymapp.filters.JwtAuthFilter - GET /trainers/18/sessions
2024-06-29 18:19:10 INFO  g.a.cf.gymapp.filters.JwtAuthFilter - POST /sessions
2024-06-29 18:19:10 INFO  g.a.cf.gymapp.filters.JwtAuthFilter - GET /refresh
2024-06-29 18:19:24 INFO  g.a.cf.gymapp.filters.JwtAuthFilter - POST /login
2024-06-29 18:19:24 INFO  g.a.cf.gymapp.filters.JwtAuthFilter - GET /refresh
2024-06-29 18:19:24 INFO  g.a.cf.gymapp.filters.JwtAuthFilter - GET /clients/undefined/session-details
2024-06-29 18:19:24 INFO  g.a.cf.gymapp.filters.JwtAuthFilter - GET /trainers/18/session-details
2024-06-29 18:19:24 INFO  g.a.cf.gymapp.filters.JwtAuthFilter - GET /refresh
2024-06-29 18:19:25 INFO  g.a.cf.gymapp.filters.JwtAuthFilter - GET /refresh
2024-06-29 18:19:36 INFO  g.a.cf.gymapp.filters.JwtAuthFilter - GET /sessions/24
2024-06-29 18:19:36 INFO  g.a.cf.gymapp.filters.JwtAuthFilter - PUT /sessions/24
2024-06-29 18:19:36 INFO  g.a.cf.gymapp.filters.JwtAuthFilter - GET /refresh
2024-06-29 18:19:36 INFO  g.a.cf.gymapp.filters.JwtAuthFilter - GET /clients/undefined/session-details
2024-06-29 18:19:36 INFO  g.a.cf.gymapp.filters.JwtAuthFilter - GET /trainers/18/session-details
2024-06-29 18:19:36 INFO  g.a.cf.gymapp.filters.JwtAuthFilter - GET /refresh
2024-06-29 18:19:36 INFO  g.a.cf.gymapp.filters.JwtAuthFilter - GET /refresh
2024-06-29 18:19:43 INFO  g.a.cf.gymapp.filters.JwtAuthFilter - DELETE /sessions/28
2024-06-29 18:19:43 INFO  g.a.cf.gymapp.filters.JwtAuthFilter - GET /refresh
2024-06-29 18:19:43 INFO  g.a.cf.gymapp.filters.JwtAuthFilter - GET /clients/undefined/session-details
2024-06-29 18:19:43 INFO  g.a.cf.gymapp.filters.JwtAuthFilter - GET /trainers/18/session-details
2024-06-29 18:19:43 INFO  g.a.cf.gymapp.filters.JwtAuthFilter - GET /refresh
2024-06-29 18:19:43 INFO  g.a.cf.gymapp.filters.JwtAuthFilter - GET /refresh
2024-06-29 18:19:44 INFO  g.a.cf.gymapp.filters.JwtAuthFilter - DELETE /sessions/29
2024-06-29 18:19:44 INFO  g.a.cf.gymapp.filters.JwtAuthFilter - GET /refresh
2024-06-29 18:19:44 INFO  g.a.cf.gymapp.filters.JwtAuthFilter - GET /trainers/18/session-details
2024-06-29 18:19:44 INFO  g.a.cf.gymapp.filters.JwtAuthFilter - GET /clients/undefined/session-details
2024-06-29 18:19:44 INFO  g.a.cf.gymapp.filters.JwtAuthFilter - GET /refresh
2024-06-29 18:19:44 INFO  g.a.cf.gymapp.filters.JwtAuthFilter - GET /refresh
2024-06-29 18:20:00 INFO  g.a.cf.gymapp.filters.JwtAuthFilter - POST /login
2024-06-29 18:20:01 INFO  g.a.cf.gymapp.filters.JwtAuthFilter - GET /refresh
2024-06-29 18:20:01 INFO  g.a.cf.gymapp.filters.JwtAuthFilter - GET /trainers/17/session-details
2024-06-29 18:20:01 INFO  g.a.cf.gymapp.filters.JwtAuthFilter - GET /clients/undefined/session-details
2024-06-29 18:20:01 INFO  g.a.cf.gymapp.filters.JwtAuthFilter - GET /refresh
2024-06-29 18:20:01 INFO  g.a.cf.gymapp.filters.JwtAuthFilter - GET /refresh
2024-06-29 18:20:14 INFO  g.a.cf.gymapp.filters.JwtAuthFilter - POST /login
2024-06-29 18:20:14 INFO  g.a.cf.gymapp.filters.JwtAuthFilter - GET /refresh
2024-06-29 18:20:23 INFO  g.a.cf.gymapp.filters.JwtAuthFilter - GET /trainers/trainer/Chourdakis
2024-06-29 18:20:23 INFO  g.a.cf.gymapp.filters.JwtAuthFilter - GET /refresh
2024-06-29 18:20:24 INFO  g.a.cf.gymapp.filters.JwtAuthFilter - GET /trainers/17
2024-06-29 18:20:33 INFO  g.a.cf.gymapp.filters.JwtAuthFilter - GET /trainers/17/sessions
2024-06-29 18:20:36 INFO  g.a.cf.gymapp.filters.JwtAuthFilter - POST /sessions
2024-06-29 18:20:36 INFO  g.a.cf.gymapp.filters.JwtAuthFilter - GET /refresh
2024-06-29 18:20:42 INFO  g.a.cf.gymapp.filters.JwtAuthFilter - GET /trainers/17/sessions
2024-06-29 18:20:43 INFO  g.a.cf.gymapp.filters.JwtAuthFilter - POST /sessions
2024-06-29 18:20:43 INFO  g.a.cf.gymapp.filters.JwtAuthFilter - GET /refresh
2024-06-29 18:20:55 INFO  g.a.cf.gymapp.filters.JwtAuthFilter - POST /login
2024-06-29 18:20:56 INFO  g.a.cf.gymapp.filters.JwtAuthFilter - GET /refresh
2024-06-29 18:20:56 INFO  g.a.cf.gymapp.filters.JwtAuthFilter - GET /trainers/17/session-details
2024-06-29 18:20:56 INFO  g.a.cf.gymapp.filters.JwtAuthFilter - GET /clients/undefined/session-details
2024-06-29 18:20:56 INFO  g.a.cf.gymapp.filters.JwtAuthFilter - GET /refresh
2024-06-29 18:20:56 INFO  g.a.cf.gymapp.filters.JwtAuthFilter - GET /refresh
2024-06-29 18:21:15 INFO  g.a.cf.gymapp.filters.JwtAuthFilter - GET /sessions/25
2024-06-29 18:21:15 INFO  g.a.cf.gymapp.filters.JwtAuthFilter - PUT /sessions/25
2024-06-29 18:21:15 INFO  g.a.cf.gymapp.filters.JwtAuthFilter - GET /refresh
2024-06-29 18:21:15 INFO  g.a.cf.gymapp.filters.JwtAuthFilter - GET /trainers/17/session-details
2024-06-29 18:21:15 INFO  g.a.cf.gymapp.filters.JwtAuthFilter - GET /clients/undefined/session-details
2024-06-29 18:21:16 INFO  g.a.cf.gymapp.filters.JwtAuthFilter - GET /refresh
2024-06-29 18:21:16 INFO  g.a.cf.gymapp.filters.JwtAuthFilter - GET /refresh
2024-06-29 18:21:17 INFO  g.a.cf.gymapp.filters.JwtAuthFilter - GET /sessions/26
2024-06-29 18:21:17 INFO  g.a.cf.gymapp.filters.JwtAuthFilter - PUT /sessions/26
2024-06-29 18:21:17 INFO  g.a.cf.gymapp.filters.JwtAuthFilter - GET /refresh
2024-06-29 18:21:17 INFO  g.a.cf.gymapp.filters.JwtAuthFilter - GET /trainers/17/session-details
2024-06-29 18:21:17 INFO  g.a.cf.gymapp.filters.JwtAuthFilter - GET /clients/undefined/session-details
2024-06-29 18:21:17 INFO  g.a.cf.gymapp.filters.JwtAuthFilter - GET /refresh
2024-06-29 18:21:17 INFO  g.a.cf.gymapp.filters.JwtAuthFilter - GET /refresh
2024-06-29 18:21:18 INFO  g.a.cf.gymapp.filters.JwtAuthFilter - DELETE /sessions/27
2024-06-29 18:21:18 INFO  g.a.cf.gymapp.filters.JwtAuthFilter - GET /refresh
2024-06-29 18:21:18 INFO  g.a.cf.gymapp.filters.JwtAuthFilter - GET /trainers/17/session-details
2024-06-29 18:21:18 INFO  g.a.cf.gymapp.filters.JwtAuthFilter - GET /clients/undefined/session-details
2024-06-29 18:21:18 INFO  g.a.cf.gymapp.filters.JwtAuthFilter - GET /refresh
2024-06-29 18:21:18 INFO  g.a.cf.gymapp.filters.JwtAuthFilter - GET /refresh
2024-06-29 18:21:19 INFO  g.a.cf.gymapp.filters.JwtAuthFilter - GET /sessions/30
2024-06-29 18:21:19 INFO  g.a.cf.gymapp.filters.JwtAuthFilter - PUT /sessions/30
2024-06-29 18:21:19 INFO  g.a.cf.gymapp.filters.JwtAuthFilter - GET /refresh
2024-06-29 18:21:19 INFO  g.a.cf.gymapp.filters.JwtAuthFilter - GET /trainers/17/session-details
2024-06-29 18:21:19 INFO  g.a.cf.gymapp.filters.JwtAuthFilter - GET /clients/undefined/session-details
2024-06-29 18:21:19 INFO  g.a.cf.gymapp.filters.JwtAuthFilter - GET /refresh
2024-06-29 18:21:19 INFO  g.a.cf.gymapp.filters.JwtAuthFilter - GET /refresh
2024-06-29 18:21:20 INFO  g.a.cf.gymapp.filters.JwtAuthFilter - GET /sessions/31
2024-06-29 18:21:20 INFO  g.a.cf.gymapp.filters.JwtAuthFilter - PUT /sessions/31
2024-06-29 18:21:20 INFO  g.a.cf.gymapp.filters.JwtAuthFilter - GET /refresh
2024-06-29 18:21:20 INFO  g.a.cf.gymapp.filters.JwtAuthFilter - GET /trainers/17/session-details
2024-06-29 18:21:20 INFO  g.a.cf.gymapp.filters.JwtAuthFilter - GET /clients/undefined/session-details
2024-06-29 18:21:20 INFO  g.a.cf.gymapp.filters.JwtAuthFilter - GET /refresh
2024-06-29 18:21:20 INFO  g.a.cf.gymapp.filters.JwtAuthFilter - GET /refresh
2024-06-29 18:22:07 INFO  g.a.cf.gymapp.filters.JwtAuthFilter - GET /clients/undefined/session-details
2024-06-29 18:22:07 INFO  g.a.cf.gymapp.filters.JwtAuthFilter - GET /trainers/17/session-details
2024-06-29 18:22:07 INFO  g.a.cf.gymapp.filters.JwtAuthFilter - GET /refresh
2024-06-29 18:22:07 INFO  g.a.cf.gymapp.filters.JwtAuthFilter - GET /refresh
2024-06-29 18:22:07 INFO  g.a.cf.gymapp.filters.JwtAuthFilter - GET /trainers/17/session-details
2024-06-29 18:22:08 INFO  g.a.cf.gymapp.filters.JwtAuthFilter - GET /clients/undefined/session-details
2024-06-29 18:22:08 INFO  g.a.cf.gymapp.filters.JwtAuthFilter - GET /refresh
2024-06-29 18:22:08 INFO  g.a.cf.gymapp.filters.JwtAuthFilter - GET /refresh
2024-06-29 18:22:34 INFO  g.a.cf.gymapp.filters.JwtAuthFilter - GET /trainers/17/session-details
2024-06-29 18:22:35 INFO  g.a.cf.gymapp.filters.JwtAuthFilter - GET /clients/undefined/session-details
2024-06-29 18:22:35 INFO  g.a.cf.gymapp.filters.JwtAuthFilter - GET /refresh
2024-06-29 18:22:35 INFO  g.a.cf.gymapp.filters.JwtAuthFilter - GET /refresh
2024-06-29 18:22:37 INFO  g.a.cf.gymapp.filters.JwtAuthFilter - GET /trainers/17/session-details
2024-06-29 18:22:38 INFO  g.a.cf.gymapp.filters.JwtAuthFilter - GET /clients/undefined/session-details
2024-06-29 18:22:38 INFO  g.a.cf.gymapp.filters.JwtAuthFilter - GET /refresh
2024-06-29 18:22:38 INFO  g.a.cf.gymapp.filters.JwtAuthFilter - GET /refresh
2024-06-29 18:22:38 INFO  g.a.cf.gymapp.filters.JwtAuthFilter - GET /trainers/17/session-details
2024-06-29 18:22:38 INFO  g.a.cf.gymapp.filters.JwtAuthFilter - GET /clients/undefined/session-details
2024-06-29 18:22:39 INFO  g.a.cf.gymapp.filters.JwtAuthFilter - GET /refresh
2024-06-29 18:22:39 INFO  g.a.cf.gymapp.filters.JwtAuthFilter - GET /refresh
2024-06-29 18:22:52 INFO  g.a.cf.gymapp.filters.JwtAuthFilter - POST /login
2024-06-29 18:22:52 INFO  g.a.cf.gymapp.filters.JwtAuthFilter - GET /refresh
2024-06-29 18:23:00 INFO  g.a.cf.gymapp.filters.JwtAuthFilter - GET /trainers/trainer/Chourdakis
2024-06-29 18:23:00 INFO  g.a.cf.gymapp.filters.JwtAuthFilter - GET /refresh
2024-06-29 18:23:02 INFO  g.a.cf.gymapp.filters.JwtAuthFilter - GET /trainers/18
2024-06-29 18:23:05 INFO  g.a.cf.gymapp.filters.JwtAuthFilter - GET /trainers/18/sessions
2024-06-29 18:23:07 INFO  g.a.cf.gymapp.filters.JwtAuthFilter - GET /trainers/18/sessions
2024-06-29 18:25:10 INFO  g.a.cf.gymapp.filters.JwtAuthFilter - GET /trainers/18
2024-06-29 18:25:22 INFO  g.a.cf.gymapp.filters.JwtAuthFilter - GET /trainers/18
2024-06-29 18:25:35 INFO  g.a.cf.gymapp.filters.JwtAuthFilter - GET /trainers/18/sessions
2024-06-29 18:26:12 INFO  g.a.cf.gymapp.filters.JwtAuthFilter - GET /trainers/18
2024-06-29 18:26:13 INFO  g.a.cf.gymapp.filters.JwtAuthFilter - GET /trainers/18
2024-06-29 18:26:21 INFO  g.a.cf.gymapp.filters.JwtAuthFilter - GET /trainers/18
2024-06-29 18:26:29 INFO  g.a.cf.gymapp.filters.JwtAuthFilter - GET /trainers/18
2024-06-29 18:27:16 INFO  g.a.cf.gymapp.filters.JwtAuthFilter - GET /trainers/18
2024-06-29 18:27:22 INFO  g.a.cf.gymapp.filters.JwtAuthFilter - GET /trainers/18
2024-06-29 18:27:29 INFO  g.a.cf.gymapp.filters.JwtAuthFilter - GET /trainers/18
2024-06-29 18:27:29 INFO  g.a.cf.gymapp.filters.JwtAuthFilter - GET /trainers/18
2024-06-29 18:27:32 INFO  g.a.cf.gymapp.filters.JwtAuthFilter - GET /trainers/18
2024-06-29 18:27:40 INFO  g.a.cf.gymapp.filters.JwtAuthFilter - GET /trainers/18
2024-06-29 18:27:42 INFO  g.a.cf.gymapp.filters.JwtAuthFilter - GET /trainers/18
2024-06-29 18:27:47 INFO  g.a.cf.gymapp.filters.JwtAuthFilter - GET /trainers/18
2024-06-29 18:27:53 INFO  g.a.cf.gymapp.filters.JwtAuthFilter - GET /trainers/18
2024-06-29 18:28:06 INFO  g.a.cf.gymapp.filters.JwtAuthFilter - GET /trainers/18
2024-06-29 18:28:06 INFO  g.a.cf.gymapp.filters.JwtAuthFilter - GET /trainers/18
2024-06-29 18:28:22 INFO  g.a.cf.gymapp.filters.JwtAuthFilter - GET /trainers/18
2024-06-29 18:28:30 INFO  g.a.cf.gymapp.filters.JwtAuthFilter - GET /trainers/18
2024-06-29 18:28:38 INFO  g.a.cf.gymapp.filters.JwtAuthFilter - GET /trainers/18
2024-06-29 18:28:46 INFO  g.a.cf.gymapp.filters.JwtAuthFilter - GET /trainers/18
2024-06-29 18:28:46 INFO  g.a.cf.gymapp.filters.JwtAuthFilter - GET /trainers/18/sessions
2024-06-29 18:28:47 INFO  g.a.cf.gymapp.filters.JwtAuthFilter - GET /trainers/18
2024-06-29 18:28:47 INFO  g.a.cf.gymapp.filters.JwtAuthFilter - GET /trainers/18
2024-06-29 18:29:02 INFO  g.a.cf.gymapp.filters.JwtAuthFilter - GET /trainers/18/sessions
2024-06-29 18:29:30 INFO  g.a.cf.gymapp.filters.JwtAuthFilter - GET /trainers/18
2024-06-29 18:29:45 INFO  g.a.cf.gymapp.filters.JwtAuthFilter - GET /trainers/18
2024-06-29 18:29:48 INFO  g.a.cf.gymapp.filters.JwtAuthFilter - GET /trainers/18
2024-06-29 18:29:51 INFO  g.a.cf.gymapp.filters.JwtAuthFilter - GET /trainers/18
2024-06-29 18:29:57 INFO  g.a.cf.gymapp.filters.JwtAuthFilter - GET /trainers/18
2024-06-29 18:29:59 INFO  g.a.cf.gymapp.filters.JwtAuthFilter - GET /trainers/18
2024-06-29 18:30:33 INFO  g.a.cf.gymapp.filters.JwtAuthFilter - GET /trainers/18/sessions
2024-06-29 18:31:39 INFO  g.a.cf.gymapp.filters.JwtAuthFilter - GET /trainers/18
2024-06-29 18:31:40 INFO  g.a.cf.gymapp.filters.JwtAuthFilter - GET /trainers/18
2024-06-29 18:31:45 INFO  g.a.cf.gymapp.filters.JwtAuthFilter - POST /sessions
2024-06-29 18:31:46 INFO  g.a.cf.gymapp.filters.JwtAuthFilter - GET /refresh
2024-06-29 18:31:51 INFO  g.a.cf.gymapp.filters.JwtAuthFilter - GET /clients/6/session-details
2024-06-29 18:31:53 INFO  g.a.cf.gymapp.filters.JwtAuthFilter - GET /refresh
2024-06-29 18:31:54 INFO  g.a.cf.gymapp.filters.JwtAuthFilter - GET /clients/6/session-details
2024-06-29 18:31:54 INFO  g.a.cf.gymapp.filters.JwtAuthFilter - GET /refresh
2024-06-29 18:32:53 INFO  g.a.cf.gymapp.filters.JwtAuthFilter - POST /login
2024-06-29 18:32:55 INFO  g.a.cf.gymapp.filters.JwtAuthFilter - GET /refresh
2024-06-29 18:32:55 INFO  g.a.cf.gymapp.filters.JwtAuthFilter - GET /clients/undefined/session-details
2024-06-29 18:32:55 INFO  g.a.cf.gymapp.filters.JwtAuthFilter - GET /trainers/17/session-details
2024-06-29 18:32:55 INFO  g.a.cf.gymapp.filters.JwtAuthFilter - GET /refresh
2024-06-29 18:32:55 INFO  g.a.cf.gymapp.filters.JwtAuthFilter - GET /refresh
2024-06-29 18:33:10 INFO  g.a.cf.gymapp.filters.JwtAuthFilter - POST /login
2024-06-29 18:33:12 INFO  g.a.cf.gymapp.filters.JwtAuthFilter - GET /refresh
2024-06-29 18:33:27 INFO  g.a.cf.gymapp.filters.JwtAuthFilter - GET /trainers/trainer/Chourdakis
2024-06-29 18:33:27 INFO  g.a.cf.gymapp.filters.JwtAuthFilter - GET /refresh
2024-06-29 18:33:29 INFO  g.a.cf.gymapp.filters.JwtAuthFilter - GET /trainers/17
2024-06-29 18:33:40 INFO  g.a.cf.gymapp.filters.JwtAuthFilter - GET /trainers/17/sessions
2024-06-29 18:33:42 INFO  g.a.cf.gymapp.filters.JwtAuthFilter - POST /sessions
2024-06-29 18:33:44 INFO  g.a.cf.gymapp.filters.JwtAuthFilter - GET /refresh
2024-06-29 18:33:48 INFO  g.a.cf.gymapp.filters.JwtAuthFilter - GET /trainers/17/sessions
2024-06-29 18:33:53 INFO  g.a.cf.gymapp.filters.JwtAuthFilter - GET /trainers/17/sessions
2024-06-29 18:33:57 INFO  g.a.cf.gymapp.filters.JwtAuthFilter - POST /sessions
2024-06-29 18:33:57 INFO  g.a.cf.gymapp.filters.JwtAuthFilter - GET /refresh
2024-06-29 18:34:11 INFO  g.a.cf.gymapp.filters.JwtAuthFilter - POST /login
2024-06-29 18:34:12 INFO  g.a.cf.gymapp.filters.JwtAuthFilter - GET /refresh
2024-06-29 18:34:16 INFO  g.a.cf.gymapp.filters.JwtAuthFilter - GET /trainers/trainer/Chourdakis
2024-06-29 18:34:16 INFO  g.a.cf.gymapp.filters.JwtAuthFilter - GET /refresh
2024-06-29 18:34:18 INFO  g.a.cf.gymapp.filters.JwtAuthFilter - GET /trainers/17
2024-06-29 18:34:30 INFO  g.a.cf.gymapp.filters.JwtAuthFilter - GET /trainers/17/sessions
2024-06-29 18:34:32 INFO  g.a.cf.gymapp.filters.JwtAuthFilter - POST /sessions
2024-06-29 18:34:32 INFO  g.a.cf.gymapp.filters.JwtAuthFilter - GET /refresh
2024-06-29 18:34:45 INFO  g.a.cf.gymapp.filters.JwtAuthFilter - POST /login
2024-06-29 18:34:46 INFO  g.a.cf.gymapp.filters.JwtAuthFilter - GET /refresh
2024-06-29 18:34:46 INFO  g.a.cf.gymapp.filters.JwtAuthFilter - GET /trainers/17/session-details
2024-06-29 18:34:46 INFO  g.a.cf.gymapp.filters.JwtAuthFilter - GET /clients/undefined/session-details
2024-06-29 18:34:46 INFO  g.a.cf.gymapp.filters.JwtAuthFilter - GET /refresh
2024-06-29 18:34:46 INFO  g.a.cf.gymapp.filters.JwtAuthFilter - GET /refresh
2024-06-29 18:34:54 INFO  g.a.cf.gymapp.filters.JwtAuthFilter - GET /sessions/33
2024-06-29 18:34:54 INFO  g.a.cf.gymapp.filters.JwtAuthFilter - PUT /sessions/33
2024-06-29 18:34:54 INFO  g.a.cf.gymapp.filters.JwtAuthFilter - GET /refresh
2024-06-29 18:34:54 INFO  g.a.cf.gymapp.filters.JwtAuthFilter - GET /trainers/17/session-details
2024-06-29 18:34:54 INFO  g.a.cf.gymapp.filters.JwtAuthFilter - GET /clients/undefined/session-details
2024-06-29 18:34:54 INFO  g.a.cf.gymapp.filters.JwtAuthFilter - GET /refresh
2024-06-29 18:34:54 INFO  g.a.cf.gymapp.filters.JwtAuthFilter - GET /refresh
2024-06-29 18:34:55 INFO  g.a.cf.gymapp.filters.JwtAuthFilter - DELETE /sessions/34
2024-06-29 18:34:55 INFO  g.a.cf.gymapp.filters.JwtAuthFilter - GET /refresh
2024-06-29 18:34:55 INFO  g.a.cf.gymapp.filters.JwtAuthFilter - GET /clients/undefined/session-details
2024-06-29 18:34:55 INFO  g.a.cf.gymapp.filters.JwtAuthFilter - GET /trainers/17/session-details
2024-06-29 18:34:55 INFO  g.a.cf.gymapp.filters.JwtAuthFilter - GET /refresh
2024-06-29 18:34:55 INFO  g.a.cf.gymapp.filters.JwtAuthFilter - GET /refresh
2024-06-29 18:34:56 INFO  g.a.cf.gymapp.filters.JwtAuthFilter - GET /sessions/35
2024-06-29 18:34:56 INFO  g.a.cf.gymapp.filters.JwtAuthFilter - PUT /sessions/35
2024-06-29 18:34:56 INFO  g.a.cf.gymapp.filters.JwtAuthFilter - GET /refresh
2024-06-29 18:34:56 INFO  g.a.cf.gymapp.filters.JwtAuthFilter - GET /trainers/17/session-details
2024-06-29 18:34:56 INFO  g.a.cf.gymapp.filters.JwtAuthFilter - GET /clients/undefined/session-details
2024-06-29 18:34:56 INFO  g.a.cf.gymapp.filters.JwtAuthFilter - GET /refresh
2024-06-29 18:34:56 INFO  g.a.cf.gymapp.filters.JwtAuthFilter - GET /refresh
2024-06-29 18:35:56 INFO  g.a.cf.gymapp.filters.JwtAuthFilter - GET /trainers/17/session-details
2024-06-29 18:35:56 INFO  g.a.cf.gymapp.filters.JwtAuthFilter - GET /clients/undefined/session-details
2024-06-29 18:35:56 INFO  g.a.cf.gymapp.filters.JwtAuthFilter - GET /refresh
2024-06-29 18:35:57 INFO  g.a.cf.gymapp.filters.JwtAuthFilter - GET /refresh
2024-06-29 18:35:57 INFO  g.a.cf.gymapp.filters.JwtAuthFilter - GET /refresh
2024-06-29 18:36:18 INFO  g.a.cf.gymapp.filters.JwtAuthFilter - GET /trainers/17/session-details
2024-06-29 18:36:18 INFO  g.a.cf.gymapp.filters.JwtAuthFilter - GET /clients/undefined/session-details
2024-06-29 18:36:19 INFO  g.a.cf.gymapp.filters.JwtAuthFilter - GET /refresh
2024-06-29 18:36:19 INFO  g.a.cf.gymapp.filters.JwtAuthFilter - GET /refresh
2024-06-29 18:36:20 INFO  g.a.cf.gymapp.filters.JwtAuthFilter - GET /trainers/17/session-details
2024-06-29 18:36:20 INFO  g.a.cf.gymapp.filters.JwtAuthFilter - GET /clients/undefined/session-details
2024-06-29 18:36:20 INFO  g.a.cf.gymapp.filters.JwtAuthFilter - GET /refresh
2024-06-29 18:36:20 INFO  g.a.cf.gymapp.filters.JwtAuthFilter - GET /refresh
2024-06-29 18:36:20 INFO  g.a.cf.gymapp.filters.JwtAuthFilter - GET /trainers/17/session-details
2024-06-29 18:36:20 INFO  g.a.cf.gymapp.filters.JwtAuthFilter - GET /clients/undefined/session-details
2024-06-29 18:36:20 INFO  g.a.cf.gymapp.filters.JwtAuthFilter - GET /refresh
2024-06-29 18:36:20 INFO  g.a.cf.gymapp.filters.JwtAuthFilter - GET /refresh
2024-06-29 18:36:25 INFO  g.a.cf.gymapp.filters.JwtAuthFilter - GET /trainers/17/session-details
2024-06-29 18:36:25 INFO  g.a.cf.gymapp.filters.JwtAuthFilter - GET /clients/undefined/session-details
2024-06-29 18:36:25 INFO  g.a.cf.gymapp.filters.JwtAuthFilter - GET /refresh
2024-06-29 18:36:25 INFO  g.a.cf.gymapp.filters.JwtAuthFilter - GET /refresh
2024-06-29 18:36:26 INFO  g.a.cf.gymapp.filters.JwtAuthFilter - GET /trainers/17/session-details
2024-06-29 18:36:26 INFO  g.a.cf.gymapp.filters.JwtAuthFilter - GET /clients/undefined/session-details
2024-06-29 18:36:26 INFO  g.a.cf.gymapp.filters.JwtAuthFilter - GET /refresh
2024-06-29 18:36:26 INFO  g.a.cf.gymapp.filters.JwtAuthFilter - GET /refresh
2024-06-29 18:36:39 INFO  g.a.cf.gymapp.filters.JwtAuthFilter - GET /trainers/17/session-details
2024-06-29 18:36:39 INFO  g.a.cf.gymapp.filters.JwtAuthFilter - GET /clients/undefined/session-details
2024-06-29 18:36:39 INFO  g.a.cf.gymapp.filters.JwtAuthFilter - GET /refresh
2024-06-29 18:36:40 INFO  g.a.cf.gymapp.filters.JwtAuthFilter - GET /refresh
2024-06-29 18:36:41 INFO  g.a.cf.gymapp.filters.JwtAuthFilter - GET /trainers/17/session-details
2024-06-29 18:36:41 INFO  g.a.cf.gymapp.filters.JwtAuthFilter - GET /clients/undefined/session-details
2024-06-29 18:36:42 INFO  g.a.cf.gymapp.filters.JwtAuthFilter - GET /refresh
2024-06-29 18:36:42 INFO  g.a.cf.gymapp.filters.JwtAuthFilter - GET /refresh
2024-06-29 18:36:43 INFO  g.a.cf.gymapp.filters.JwtAuthFilter - GET /trainers/17/session-details
2024-06-29 18:36:43 INFO  g.a.cf.gymapp.filters.JwtAuthFilter - GET /clients/undefined/session-details
2024-06-29 18:36:43 INFO  g.a.cf.gymapp.filters.JwtAuthFilter - GET /refresh
2024-06-29 18:36:44 INFO  g.a.cf.gymapp.filters.JwtAuthFilter - GET /refresh
2024-06-29 18:37:05 INFO  g.a.cf.gymapp.filters.JwtAuthFilter - POST /login
2024-06-29 18:37:05 INFO  g.a.cf.gymapp.filters.JwtAuthFilter - GET /refresh
2024-06-29 18:37:10 INFO  g.a.cf.gymapp.filters.JwtAuthFilter - GET /trainers/trainer/Chourdakis
2024-06-29 18:37:11 INFO  g.a.cf.gymapp.filters.JwtAuthFilter - GET /refresh
2024-06-29 18:37:12 INFO  g.a.cf.gymapp.filters.JwtAuthFilter - GET /trainers/17
2024-06-29 18:37:42 INFO  g.a.cf.gymapp.filters.JwtAuthFilter - GET /trainers/17/sessions
2024-06-29 18:37:45 INFO  g.a.cf.gymapp.filters.JwtAuthFilter - POST /sessions
2024-06-29 18:37:45 INFO  g.a.cf.gymapp.filters.JwtAuthFilter - GET /refresh
2024-06-29 18:37:49 INFO  g.a.cf.gymapp.filters.JwtAuthFilter - GET /clients/6/session-details
2024-06-29 18:37:49 INFO  g.a.cf.gymapp.filters.JwtAuthFilter - GET /refresh
2024-06-29 18:38:07 INFO  g.a.cf.gymapp.filters.JwtAuthFilter - GET /clients/6/session-details
2024-06-29 18:38:08 INFO  g.a.cf.gymapp.filters.JwtAuthFilter - GET /refresh
2024-06-29 18:38:09 INFO  g.a.cf.gymapp.filters.JwtAuthFilter - GET /clients/6/session-details
2024-06-29 18:38:09 INFO  g.a.cf.gymapp.filters.JwtAuthFilter - GET /refresh
2024-06-29 18:38:46 INFO  o.s.o.j.LocalContainerEntityManagerFactoryBean - Closing JPA EntityManagerFactory for persistence unit 'default'
2024-06-29 18:38:46 INFO  com.zaxxer.hikari.HikariDataSource - HikariPool-1 - Shutdown initiated...
2024-06-29 18:38:46 INFO  com.zaxxer.hikari.HikariDataSource - HikariPool-1 - Shutdown completed.
