2024-06-29 17:15:53 INFO  o.h.validator.internal.util.Version - HV000001: Hibernate Validator 8.0.1.Final
2024-06-29 17:15:54 INFO  gr.aueb.cf.gymapp.GymAppApplication - Starting GymAppApplication using Java 17.0.10 with PID 17120 (C:\Users\Boss\Desktop\gym-app\backend\target\classes started by Boss in C:\Users\Boss\Desktop\gym-app\backend)
2024-06-29 17:15:54 INFO  gr.aueb.cf.gymapp.GymAppApplication - No active profile set, falling back to 1 default profile: "default"
2024-06-29 17:15:55 INFO  o.s.d.r.c.RepositoryConfigurationDelegate - Bootstrapping Spring Data JPA repositories in DEFAULT mode.
2024-06-29 17:15:56 INFO  o.s.d.r.c.RepositoryConfigurationDelegate - Finished Spring Data repository scanning in 150 ms. Found 4 JPA repository interfaces.
2024-06-29 17:15:57 INFO  o.s.b.w.e.tomcat.TomcatWebServer - Tomcat initialized with port 8080 (http)
2024-06-29 17:15:57 INFO  o.a.coyote.http11.Http11NioProtocol - Initializing ProtocolHandler ["http-nio-8080"]
2024-06-29 17:15:57 INFO  o.a.catalina.core.StandardService - Starting service [Tomcat]
2024-06-29 17:15:57 INFO  o.a.catalina.core.StandardEngine - Starting Servlet engine: [Apache Tomcat/10.1.20]
2024-06-29 17:15:57 INFO  o.a.c.c.C.[Tomcat].[localhost].[/] - Initializing Spring embedded WebApplicationContext
2024-06-29 17:15:57 INFO  o.s.b.w.s.c.ServletWebServerApplicationContext - Root WebApplicationContext: initialization completed in 3326 ms
2024-06-29 17:15:57 INFO  o.h.jpa.internal.util.LogHelper - HHH000204: Processing PersistenceUnitInfo [name: default]
2024-06-29 17:15:57 INFO  org.hibernate.Version - HHH000412: Hibernate ORM core version 6.4.4.Final
2024-06-29 17:15:57 INFO  o.h.c.i.RegionFactoryInitiator - HHH000026: Second-level cache disabled
2024-06-29 17:15:58 INFO  o.s.o.j.p.SpringPersistenceUnitInfo - No LoadTimeWeaver setup: ignoring JPA class transformer
2024-06-29 17:15:58 INFO  com.zaxxer.hikari.HikariDataSource - HikariPool-1 - Starting...
2024-06-29 17:15:59 INFO  com.zaxxer.hikari.pool.HikariPool - HikariPool-1 - Added connection com.mysql.cj.jdbc.ConnectionImpl@23bd047f
2024-06-29 17:15:59 INFO  com.zaxxer.hikari.HikariDataSource - HikariPool-1 - Start completed.
2024-06-29 17:16:01 INFO  o.h.e.t.j.p.i.JtaPlatformInitiator - HHH000489: No JTA platform available (set 'hibernate.transaction.jta.platform' to enable JTA platform integration)
2024-06-29 17:16:02 INFO  o.s.o.j.LocalContainerEntityManagerFactoryBean - Initialized JPA EntityManagerFactory for persistence unit 'default'
2024-06-29 17:16:02 INFO  o.s.d.j.r.query.QueryEnhancerFactory - Hibernate is in classpath; If applicable, HQL parser will be used.
2024-06-29 17:16:03 WARN  o.s.b.a.o.j.JpaBaseConfiguration$JpaWebConfiguration - spring.jpa.open-in-view is enabled by default. Therefore, database queries may be performed during view rendering. Explicitly configure spring.jpa.open-in-view to disable this warning
2024-06-29 17:16:04 INFO  o.s.s.web.DefaultSecurityFilterChain - Will secure any request with [org.springframework.security.web.session.DisableEncodeUrlFilter@708378cc, org.springframework.security.web.context.request.async.WebAsyncManagerIntegrationFilter@17eb35fa, org.springframework.security.web.context.SecurityContextHolderFilter@295f115d, org.springframework.security.web.header.HeaderWriterFilter@2526ecb7, org.springframework.web.filter.CorsFilter@1d691d4f, org.springframework.security.web.authentication.logout.LogoutFilter@7d593bbc, gr.aueb.cf.gymapp.filters.JwtAuthFilter@129348e8, org.springframework.security.web.savedrequest.RequestCacheAwareFilter@3c32f3d8, org.springframework.security.web.servletapi.SecurityContextHolderAwareRequestFilter@46700301, org.springframework.security.web.authentication.AnonymousAuthenticationFilter@1082883b, org.springframework.security.web.session.SessionManagementFilter@4e4ee99, org.springframework.security.web.access.ExceptionTranslationFilter@8ea1521, org.springframework.security.web.access.intercept.AuthorizationFilter@27e80cfa]
2024-06-29 17:16:04 INFO  o.a.coyote.http11.Http11NioProtocol - Starting ProtocolHandler ["http-nio-8080"]
2024-06-29 17:16:04 INFO  o.s.b.w.e.tomcat.TomcatWebServer - Tomcat started on port 8080 (http) with context path ''
2024-06-29 17:16:04 INFO  gr.aueb.cf.gymapp.GymAppApplication - Started GymAppApplication in 11.508 seconds (process running for 12.735)
2024-06-29 17:17:56 INFO  o.a.c.c.C.[Tomcat].[localhost].[/] - Initializing Spring DispatcherServlet 'dispatcherServlet'
2024-06-29 17:17:56 INFO  o.s.web.servlet.DispatcherServlet - Initializing Servlet 'dispatcherServlet'
2024-06-29 17:17:56 INFO  o.s.web.servlet.DispatcherServlet - Completed initialization in 0 ms
2024-06-29 17:17:56 ERROR g.a.c.g.c.ExceptionControllerAdvice - Required request body is missing: public org.springframework.http.ResponseEntity<?> gr.aueb.cf.gymapp.controllers.UserController.register(gr.aueb.cf.gymapp.dto.user.UserInsertDTO,org.springframework.validation.BindingResult)
2024-06-29 17:18:00 WARN  o.h.e.jdbc.spi.SqlExceptionHelper - SQL Error: 1062, SQLState: 23000
2024-06-29 17:18:00 ERROR o.h.e.jdbc.spi.SqlExceptionHelper - Duplicate entry 'chourdakisem@gmail.com' for key 'users.UK_6dotkott2kjsp8vw4d0m25fb7'
2024-06-29 17:18:00 ERROR g.a.c.g.c.ExceptionControllerAdvice - could not execute statement [Duplicate entry 'chourdakisem@gmail.com' for key 'users.UK_6dotkott2kjsp8vw4d0m25fb7'] [insert into users (email,firstname,lastname,password,phone,role,username) values (?,?,?,?,?,?,?)]; SQL [insert into users (email,firstname,lastname,password,phone,role,username) values (?,?,?,?,?,?,?)]; constraint [users.UK_6dotkott2kjsp8vw4d0m25fb7]
2024-06-29 17:18:28 ERROR g.a.c.g.c.ExceptionControllerAdvice - Required request body is missing: public org.springframework.http.ResponseEntity<?> gr.aueb.cf.gymapp.controllers.UserController.register(gr.aueb.cf.gymapp.dto.user.UserInsertDTO,org.springframework.validation.BindingResult)
2024-06-29 17:19:02 ERROR g.a.c.g.c.ExceptionControllerAdvice - Required request body is missing: public org.springframework.http.ResponseEntity<?> gr.aueb.cf.gymapp.controllers.UserController.register(gr.aueb.cf.gymapp.dto.user.UserInsertDTO,org.springframework.validation.BindingResult)
2024-06-29 17:19:30 ERROR g.a.c.g.c.ExceptionControllerAdvice - Required request body is missing: public org.springframework.http.ResponseEntity<?> gr.aueb.cf.gymapp.controllers.UserController.register(gr.aueb.cf.gymapp.dto.user.UserInsertDTO,org.springframework.validation.BindingResult)
2024-06-29 17:20:21 ERROR g.a.c.g.c.ExceptionControllerAdvice - Failed to convert value of type 'java.lang.String' to required type 'java.lang.Long'; For input string: "undefined"
2024-06-29 17:20:21 ERROR g.a.c.g.c.ExceptionControllerAdvice - Session with trainerId 18 was not found
2024-06-29 17:20:59 ERROR g.a.c.g.c.ExceptionControllerAdvice - Session with trainerId 18 was not found
2024-06-29 17:20:59 ERROR g.a.c.g.c.ExceptionControllerAdvice - Failed to convert value of type 'java.lang.String' to required type 'java.lang.Long'; For input string: "undefined"
2024-06-29 17:21:08 ERROR g.a.c.g.c.ExceptionControllerAdvice - Failed to convert value of type 'java.lang.String' to required type 'java.lang.Long'; For input string: "undefined"
2024-06-29 17:21:08 ERROR g.a.c.g.c.ExceptionControllerAdvice - Session with trainerId 17 was not found
2024-06-29 17:25:43 INFO  o.s.o.j.LocalContainerEntityManagerFactoryBean - Closing JPA EntityManagerFactory for persistence unit 'default'
2024-06-29 17:25:43 INFO  com.zaxxer.hikari.HikariDataSource - HikariPool-1 - Shutdown initiated...
2024-06-29 17:25:43 INFO  com.zaxxer.hikari.HikariDataSource - HikariPool-1 - Shutdown completed.
2024-06-29 17:33:17 INFO  o.h.validator.internal.util.Version - HV000001: Hibernate Validator 8.0.1.Final
2024-06-29 17:33:17 INFO  gr.aueb.cf.gymapp.GymAppApplication - Starting GymAppApplication using Java 17.0.10 with PID 7188 (C:\Users\Boss\Desktop\gym-app\backend\target\classes started by Boss in C:\Users\Boss\Desktop\gym-app\backend)
2024-06-29 17:33:17 INFO  gr.aueb.cf.gymapp.GymAppApplication - No active profile set, falling back to 1 default profile: "default"
2024-06-29 17:33:25 INFO  o.s.d.r.c.RepositoryConfigurationDelegate - Bootstrapping Spring Data JPA repositories in DEFAULT mode.
2024-06-29 17:33:26 INFO  o.s.d.r.c.RepositoryConfigurationDelegate - Finished Spring Data repository scanning in 359 ms. Found 4 JPA repository interfaces.
2024-06-29 17:33:29 INFO  o.s.b.w.e.tomcat.TomcatWebServer - Tomcat initialized with port 8080 (http)
2024-06-29 17:33:29 INFO  o.a.coyote.http11.Http11NioProtocol - Initializing ProtocolHandler ["http-nio-8080"]
2024-06-29 17:33:29 INFO  o.a.catalina.core.StandardService - Starting service [Tomcat]
2024-06-29 17:33:29 INFO  o.a.catalina.core.StandardEngine - Starting Servlet engine: [Apache Tomcat/10.1.20]
2024-06-29 17:33:29 INFO  o.a.c.c.C.[Tomcat].[localhost].[/] - Initializing Spring embedded WebApplicationContext
2024-06-29 17:33:29 INFO  o.s.b.w.s.c.ServletWebServerApplicationContext - Root WebApplicationContext: initialization completed in 11417 ms
2024-06-29 17:33:30 INFO  o.h.jpa.internal.util.LogHelper - HHH000204: Processing PersistenceUnitInfo [name: default]
2024-06-29 17:33:30 INFO  org.hibernate.Version - HHH000412: Hibernate ORM core version 6.4.4.Final
2024-06-29 17:33:30 INFO  o.h.c.i.RegionFactoryInitiator - HHH000026: Second-level cache disabled
2024-06-29 17:33:31 INFO  o.s.o.j.p.SpringPersistenceUnitInfo - No LoadTimeWeaver setup: ignoring JPA class transformer
2024-06-29 17:33:31 INFO  com.zaxxer.hikari.HikariDataSource - HikariPool-1 - Starting...
2024-06-29 17:33:33 INFO  com.zaxxer.hikari.pool.HikariPool - HikariPool-1 - Added connection com.mysql.cj.jdbc.ConnectionImpl@110620d
2024-06-29 17:33:33 INFO  com.zaxxer.hikari.HikariDataSource - HikariPool-1 - Start completed.
2024-06-29 17:33:37 INFO  o.h.e.t.j.p.i.JtaPlatformInitiator - HHH000489: No JTA platform available (set 'hibernate.transaction.jta.platform' to enable JTA platform integration)
2024-06-29 17:33:38 INFO  o.s.o.j.LocalContainerEntityManagerFactoryBean - Initialized JPA EntityManagerFactory for persistence unit 'default'
2024-06-29 17:33:42 INFO  o.s.d.j.r.query.QueryEnhancerFactory - Hibernate is in classpath; If applicable, HQL parser will be used.
2024-06-29 17:33:44 WARN  o.s.b.a.o.j.JpaBaseConfiguration$JpaWebConfiguration - spring.jpa.open-in-view is enabled by default. Therefore, database queries may be performed during view rendering. Explicitly configure spring.jpa.open-in-view to disable this warning
2024-06-29 17:33:45 INFO  o.s.s.web.DefaultSecurityFilterChain - Will secure any request with [org.springframework.security.web.session.DisableEncodeUrlFilter@34272839, org.springframework.security.web.context.request.async.WebAsyncManagerIntegrationFilter@708378cc, org.springframework.security.web.context.SecurityContextHolderFilter@78405f00, org.springframework.security.web.header.HeaderWriterFilter@7424a39e, org.springframework.web.filter.CorsFilter@17eb35fa, org.springframework.security.web.authentication.logout.LogoutFilter@1100363d, gr.aueb.cf.gymapp.filters.JwtAuthFilter@42684d86, org.springframework.security.web.savedrequest.RequestCacheAwareFilter@a6cb2c9, org.springframework.security.web.servletapi.SecurityContextHolderAwareRequestFilter@3c32f3d8, org.springframework.security.web.authentication.AnonymousAuthenticationFilter@1d691d4f, org.springframework.security.web.session.SessionManagementFilter@73344f4a, org.springframework.security.web.access.ExceptionTranslationFilter@6a4bd9e4, org.springframework.security.web.access.intercept.AuthorizationFilter@74161ed7]
2024-06-29 17:33:46 INFO  o.a.coyote.http11.Http11NioProtocol - Starting ProtocolHandler ["http-nio-8080"]
2024-06-29 17:33:46 INFO  o.s.b.w.e.tomcat.TomcatWebServer - Tomcat started on port 8080 (http) with context path ''
2024-06-29 17:33:46 INFO  gr.aueb.cf.gymapp.GymAppApplication - Started GymAppApplication in 30.786 seconds (process running for 35.128)
2024-06-29 17:36:51 INFO  o.a.c.c.C.[Tomcat].[localhost].[/] - Initializing Spring DispatcherServlet 'dispatcherServlet'
2024-06-29 17:36:51 INFO  o.s.web.servlet.DispatcherServlet - Initializing Servlet 'dispatcherServlet'
2024-06-29 17:36:51 INFO  o.s.web.servlet.DispatcherServlet - Completed initialization in 69 ms
2024-06-29 17:53:57 ERROR o.a.c.c.C.[.[.[.[dispatcherServlet] - Servlet.service() for servlet [dispatcherServlet] in context with path [] threw exception
io.jsonwebtoken.ExpiredJwtException: JWT expired 106 milliseconds ago at 2024-06-29T14:53:57.000Z. Current time: 2024-06-29T14:53:57.106Z. Allowed clock skew: 0 milliseconds.
	at io.jsonwebtoken.impl.DefaultJwtParser.parse(DefaultJwtParser.java:682)
	at io.jsonwebtoken.impl.DefaultJwtParser.parse(DefaultJwtParser.java:362)
	at io.jsonwebtoken.impl.DefaultJwtParser.parse(DefaultJwtParser.java:94)
	at io.jsonwebtoken.impl.io.AbstractParser.parse(AbstractParser.java:36)
	at io.jsonwebtoken.impl.io.AbstractParser.parse(AbstractParser.java:29)
	at io.jsonwebtoken.impl.DefaultJwtParser.parseSignedClaims(DefaultJwtParser.java:821)
	at gr.aueb.cf.gymapp.services.JwtService.extractAllClaims(JwtService.java:56)
	at gr.aueb.cf.gymapp.services.JwtService.extractClaim(JwtService.java:62)
	at gr.aueb.cf.gymapp.services.JwtService.extractUsername(JwtService.java:67)
	at gr.aueb.cf.gymapp.filters.JwtAuthFilter.doFilterInternal(JwtAuthFilter.java:52)
	at org.springframework.web.filter.OncePerRequestFilter.doFilter(OncePerRequestFilter.java:116)
	at org.springframework.security.web.FilterChainProxy$VirtualFilterChain.doFilter(FilterChainProxy.java:374)
	at org.springframework.security.web.authentication.logout.LogoutFilter.doFilter(LogoutFilter.java:107)
	at org.springframework.security.web.authentication.logout.LogoutFilter.doFilter(LogoutFilter.java:93)
	at org.springframework.security.web.FilterChainProxy$VirtualFilterChain.doFilter(FilterChainProxy.java:374)
	at org.springframework.web.filter.CorsFilter.doFilterInternal(CorsFilter.java:91)
	at org.springframework.web.filter.OncePerRequestFilter.doFilter(OncePerRequestFilter.java:116)
	at org.springframework.security.web.FilterChainProxy$VirtualFilterChain.doFilter(FilterChainProxy.java:374)
	at org.springframework.security.web.header.HeaderWriterFilter.doHeadersAfter(HeaderWriterFilter.java:90)
	at org.springframework.security.web.header.HeaderWriterFilter.doFilterInternal(HeaderWriterFilter.java:75)
	at org.springframework.web.filter.OncePerRequestFilter.doFilter(OncePerRequestFilter.java:116)
	at org.springframework.security.web.FilterChainProxy$VirtualFilterChain.doFilter(FilterChainProxy.java:374)
	at org.springframework.security.web.context.SecurityContextHolderFilter.doFilter(SecurityContextHolderFilter.java:82)
	at org.springframework.security.web.context.SecurityContextHolderFilter.doFilter(SecurityContextHolderFilter.java:69)
	at org.springframework.security.web.FilterChainProxy$VirtualFilterChain.doFilter(FilterChainProxy.java:374)
	at org.springframework.security.web.context.request.async.WebAsyncManagerIntegrationFilter.doFilterInternal(WebAsyncManagerIntegrationFilter.java:62)
	at org.springframework.web.filter.OncePerRequestFilter.doFilter(OncePerRequestFilter.java:116)
	at org.springframework.security.web.FilterChainProxy$VirtualFilterChain.doFilter(FilterChainProxy.java:374)
	at org.springframework.security.web.session.DisableEncodeUrlFilter.doFilterInternal(DisableEncodeUrlFilter.java:42)
	at org.springframework.web.filter.OncePerRequestFilter.doFilter(OncePerRequestFilter.java:116)
	at org.springframework.security.web.FilterChainProxy$VirtualFilterChain.doFilter(FilterChainProxy.java:374)
	at org.springframework.security.web.FilterChainProxy.doFilterInternal(FilterChainProxy.java:233)
	at org.springframework.security.web.FilterChainProxy.doFilter(FilterChainProxy.java:191)
	at org.springframework.web.filter.CompositeFilter$VirtualFilterChain.doFilter(CompositeFilter.java:113)
	at org.springframework.web.servlet.handler.HandlerMappingIntrospector.lambda$createCacheFilter$3(HandlerMappingIntrospector.java:195)
	at org.springframework.web.filter.CompositeFilter$VirtualFilterChain.doFilter(CompositeFilter.java:113)
	at org.springframework.web.filter.CompositeFilter.doFilter(CompositeFilter.java:74)
	at org.springframework.security.config.annotation.web.configuration.WebMvcSecurityConfiguration$CompositeFilterChainProxy.doFilter(WebMvcSecurityConfiguration.java:230)
	at org.springframework.web.filter.DelegatingFilterProxy.invokeDelegate(DelegatingFilterProxy.java:352)
	at org.springframework.web.filter.DelegatingFilterProxy.doFilter(DelegatingFilterProxy.java:268)
	at org.apache.catalina.core.ApplicationFilterChain.internalDoFilter(ApplicationFilterChain.java:175)
	at org.apache.catalina.core.ApplicationFilterChain.doFilter(ApplicationFilterChain.java:150)
	at org.springframework.web.filter.RequestContextFilter.doFilterInternal(RequestContextFilter.java:100)
	at org.springframework.web.filter.OncePerRequestFilter.doFilter(OncePerRequestFilter.java:116)
	at org.apache.catalina.core.ApplicationFilterChain.internalDoFilter(ApplicationFilterChain.java:175)
	at org.apache.catalina.core.ApplicationFilterChain.doFilter(ApplicationFilterChain.java:150)
	at org.springframework.web.filter.FormContentFilter.doFilterInternal(FormContentFilter.java:93)
	at org.springframework.web.filter.OncePerRequestFilter.doFilter(OncePerRequestFilter.java:116)
	at org.apache.catalina.core.ApplicationFilterChain.internalDoFilter(ApplicationFilterChain.java:175)
	at org.apache.catalina.core.ApplicationFilterChain.doFilter(ApplicationFilterChain.java:150)
	at org.springframework.web.filter.CharacterEncodingFilter.doFilterInternal(CharacterEncodingFilter.java:201)
	at org.springframework.web.filter.OncePerRequestFilter.doFilter(OncePerRequestFilter.java:116)
	at org.apache.catalina.core.ApplicationFilterChain.internalDoFilter(ApplicationFilterChain.java:175)
	at org.apache.catalina.core.ApplicationFilterChain.doFilter(ApplicationFilterChain.java:150)
	at org.apache.catalina.core.StandardWrapperValve.invoke(StandardWrapperValve.java:167)
	at org.apache.catalina.core.StandardContextValve.invoke(StandardContextValve.java:90)
	at org.apache.catalina.authenticator.AuthenticatorBase.invoke(AuthenticatorBase.java:482)
	at org.apache.catalina.core.StandardHostValve.invoke(StandardHostValve.java:115)
	at org.apache.catalina.valves.ErrorReportValve.invoke(ErrorReportValve.java:93)
	at org.apache.catalina.core.StandardEngineValve.invoke(StandardEngineValve.java:74)
	at org.apache.catalina.connector.CoyoteAdapter.service(CoyoteAdapter.java:344)
	at org.apache.coyote.http11.Http11Processor.service(Http11Processor.java:391)
	at org.apache.coyote.AbstractProcessorLight.process(AbstractProcessorLight.java:63)
	at org.apache.coyote.AbstractProtocol$ConnectionHandler.process(AbstractProtocol.java:896)
	at org.apache.tomcat.util.net.NioEndpoint$SocketProcessor.doRun(NioEndpoint.java:1736)
	at org.apache.tomcat.util.net.SocketProcessorBase.run(SocketProcessorBase.java:52)
	at org.apache.tomcat.util.threads.ThreadPoolExecutor.runWorker(ThreadPoolExecutor.java:1191)
	at org.apache.tomcat.util.threads.ThreadPoolExecutor$Worker.run(ThreadPoolExecutor.java:659)
	at org.apache.tomcat.util.threads.TaskThread$WrappingRunnable.run(TaskThread.java:63)
	at java.base/java.lang.Thread.run(Thread.java:840)
2024-06-29 17:54:28 ERROR g.a.c.g.c.ExceptionControllerAdvice - JSON parse error: Cannot deserialize value of type `java.time.LocalDateTime` from String "T": Failed to deserialize java.time.LocalDateTime: (java.time.format.DateTimeParseException) Text 'T' could not be parsed at index 0
2024-06-29 18:05:06 ERROR o.a.c.c.C.[.[.[.[dispatcherServlet] - Servlet.service() for servlet [dispatcherServlet] in context with path [] threw exception
io.jsonwebtoken.ExpiredJwtException: JWT expired 12984 milliseconds ago at 2024-06-29T15:04:53.000Z. Current time: 2024-06-29T15:05:05.984Z. Allowed clock skew: 0 milliseconds.
	at io.jsonwebtoken.impl.DefaultJwtParser.parse(DefaultJwtParser.java:682)
	at io.jsonwebtoken.impl.DefaultJwtParser.parse(DefaultJwtParser.java:362)
	at io.jsonwebtoken.impl.DefaultJwtParser.parse(DefaultJwtParser.java:94)
	at io.jsonwebtoken.impl.io.AbstractParser.parse(AbstractParser.java:36)
	at io.jsonwebtoken.impl.io.AbstractParser.parse(AbstractParser.java:29)
	at io.jsonwebtoken.impl.DefaultJwtParser.parseSignedClaims(DefaultJwtParser.java:821)
	at gr.aueb.cf.gymapp.services.JwtService.extractAllClaims(JwtService.java:56)
	at gr.aueb.cf.gymapp.services.JwtService.extractClaim(JwtService.java:62)
	at gr.aueb.cf.gymapp.services.JwtService.extractUsername(JwtService.java:67)
	at gr.aueb.cf.gymapp.filters.JwtAuthFilter.doFilterInternal(JwtAuthFilter.java:52)
	at org.springframework.web.filter.OncePerRequestFilter.doFilter(OncePerRequestFilter.java:116)
	at org.springframework.security.web.FilterChainProxy$VirtualFilterChain.doFilter(FilterChainProxy.java:374)
	at org.springframework.security.web.authentication.logout.LogoutFilter.doFilter(LogoutFilter.java:107)
	at org.springframework.security.web.authentication.logout.LogoutFilter.doFilter(LogoutFilter.java:93)
	at org.springframework.security.web.FilterChainProxy$VirtualFilterChain.doFilter(FilterChainProxy.java:374)
	at org.springframework.web.filter.CorsFilter.doFilterInternal(CorsFilter.java:91)
	at org.springframework.web.filter.OncePerRequestFilter.doFilter(OncePerRequestFilter.java:116)
	at org.springframework.security.web.FilterChainProxy$VirtualFilterChain.doFilter(FilterChainProxy.java:374)
	at org.springframework.security.web.header.HeaderWriterFilter.doHeadersAfter(HeaderWriterFilter.java:90)
	at org.springframework.security.web.header.HeaderWriterFilter.doFilterInternal(HeaderWriterFilter.java:75)
	at org.springframework.web.filter.OncePerRequestFilter.doFilter(OncePerRequestFilter.java:116)
	at org.springframework.security.web.FilterChainProxy$VirtualFilterChain.doFilter(FilterChainProxy.java:374)
	at org.springframework.security.web.context.SecurityContextHolderFilter.doFilter(SecurityContextHolderFilter.java:82)
	at org.springframework.security.web.context.SecurityContextHolderFilter.doFilter(SecurityContextHolderFilter.java:69)
	at org.springframework.security.web.FilterChainProxy$VirtualFilterChain.doFilter(FilterChainProxy.java:374)
	at org.springframework.security.web.context.request.async.WebAsyncManagerIntegrationFilter.doFilterInternal(WebAsyncManagerIntegrationFilter.java:62)
	at org.springframework.web.filter.OncePerRequestFilter.doFilter(OncePerRequestFilter.java:116)
	at org.springframework.security.web.FilterChainProxy$VirtualFilterChain.doFilter(FilterChainProxy.java:374)
	at org.springframework.security.web.session.DisableEncodeUrlFilter.doFilterInternal(DisableEncodeUrlFilter.java:42)
	at org.springframework.web.filter.OncePerRequestFilter.doFilter(OncePerRequestFilter.java:116)
	at org.springframework.security.web.FilterChainProxy$VirtualFilterChain.doFilter(FilterChainProxy.java:374)
	at org.springframework.security.web.FilterChainProxy.doFilterInternal(FilterChainProxy.java:233)
	at org.springframework.security.web.FilterChainProxy.doFilter(FilterChainProxy.java:191)
	at org.springframework.web.filter.CompositeFilter$VirtualFilterChain.doFilter(CompositeFilter.java:113)
	at org.springframework.web.servlet.handler.HandlerMappingIntrospector.lambda$createCacheFilter$3(HandlerMappingIntrospector.java:195)
	at org.springframework.web.filter.CompositeFilter$VirtualFilterChain.doFilter(CompositeFilter.java:113)
	at org.springframework.web.filter.CompositeFilter.doFilter(CompositeFilter.java:74)
	at org.springframework.security.config.annotation.web.configuration.WebMvcSecurityConfiguration$CompositeFilterChainProxy.doFilter(WebMvcSecurityConfiguration.java:230)
	at org.springframework.web.filter.DelegatingFilterProxy.invokeDelegate(DelegatingFilterProxy.java:352)
	at org.springframework.web.filter.DelegatingFilterProxy.doFilter(DelegatingFilterProxy.java:268)
	at org.apache.catalina.core.ApplicationFilterChain.internalDoFilter(ApplicationFilterChain.java:175)
	at org.apache.catalina.core.ApplicationFilterChain.doFilter(ApplicationFilterChain.java:150)
	at org.springframework.web.filter.RequestContextFilter.doFilterInternal(RequestContextFilter.java:100)
	at org.springframework.web.filter.OncePerRequestFilter.doFilter(OncePerRequestFilter.java:116)
	at org.apache.catalina.core.ApplicationFilterChain.internalDoFilter(ApplicationFilterChain.java:175)
	at org.apache.catalina.core.ApplicationFilterChain.doFilter(ApplicationFilterChain.java:150)
	at org.springframework.web.filter.FormContentFilter.doFilterInternal(FormContentFilter.java:93)
	at org.springframework.web.filter.OncePerRequestFilter.doFilter(OncePerRequestFilter.java:116)
	at org.apache.catalina.core.ApplicationFilterChain.internalDoFilter(ApplicationFilterChain.java:175)
	at org.apache.catalina.core.ApplicationFilterChain.doFilter(ApplicationFilterChain.java:150)
	at org.springframework.web.filter.CharacterEncodingFilter.doFilterInternal(CharacterEncodingFilter.java:201)
	at org.springframework.web.filter.OncePerRequestFilter.doFilter(OncePerRequestFilter.java:116)
	at org.apache.catalina.core.ApplicationFilterChain.internalDoFilter(ApplicationFilterChain.java:175)
	at org.apache.catalina.core.ApplicationFilterChain.doFilter(ApplicationFilterChain.java:150)
	at org.apache.catalina.core.StandardWrapperValve.invoke(StandardWrapperValve.java:167)
	at org.apache.catalina.core.StandardContextValve.invoke(StandardContextValve.java:90)
	at org.apache.catalina.authenticator.AuthenticatorBase.invoke(AuthenticatorBase.java:482)
	at org.apache.catalina.core.StandardHostValve.invoke(StandardHostValve.java:115)
	at org.apache.catalina.valves.ErrorReportValve.invoke(ErrorReportValve.java:93)
	at org.apache.catalina.core.StandardEngineValve.invoke(StandardEngineValve.java:74)
	at org.apache.catalina.connector.CoyoteAdapter.service(CoyoteAdapter.java:344)
	at org.apache.coyote.http11.Http11Processor.service(Http11Processor.java:391)
	at org.apache.coyote.AbstractProcessorLight.process(AbstractProcessorLight.java:63)
	at org.apache.coyote.AbstractProtocol$ConnectionHandler.process(AbstractProtocol.java:896)
	at org.apache.tomcat.util.net.NioEndpoint$SocketProcessor.doRun(NioEndpoint.java:1736)
	at org.apache.tomcat.util.net.SocketProcessorBase.run(SocketProcessorBase.java:52)
	at org.apache.tomcat.util.threads.ThreadPoolExecutor.runWorker(ThreadPoolExecutor.java:1191)
	at org.apache.tomcat.util.threads.ThreadPoolExecutor$Worker.run(ThreadPoolExecutor.java:659)
	at org.apache.tomcat.util.threads.TaskThread$WrappingRunnable.run(TaskThread.java:63)
	at java.base/java.lang.Thread.run(Thread.java:840)
2024-06-29 18:05:52 ERROR g.a.c.g.c.ExceptionControllerAdvice - Invalid compact JWT string: Compact JWSs must contain exactly 2 period characters, and compact JWEs must contain exactly 4.  Found: 0
2024-06-29 18:16:20 ERROR o.a.c.c.C.[.[.[.[dispatcherServlet] - Servlet.service() for servlet [dispatcherServlet] in context with path [] threw exception
io.jsonwebtoken.ExpiredJwtException: JWT expired 10324 milliseconds ago at 2024-06-29T15:16:10.000Z. Current time: 2024-06-29T15:16:20.324Z. Allowed clock skew: 0 milliseconds.
	at io.jsonwebtoken.impl.DefaultJwtParser.parse(DefaultJwtParser.java:682)
	at io.jsonwebtoken.impl.DefaultJwtParser.parse(DefaultJwtParser.java:362)
	at io.jsonwebtoken.impl.DefaultJwtParser.parse(DefaultJwtParser.java:94)
	at io.jsonwebtoken.impl.io.AbstractParser.parse(AbstractParser.java:36)
	at io.jsonwebtoken.impl.io.AbstractParser.parse(AbstractParser.java:29)
	at io.jsonwebtoken.impl.DefaultJwtParser.parseSignedClaims(DefaultJwtParser.java:821)
	at gr.aueb.cf.gymapp.services.JwtService.extractAllClaims(JwtService.java:56)
	at gr.aueb.cf.gymapp.services.JwtService.extractClaim(JwtService.java:62)
	at gr.aueb.cf.gymapp.services.JwtService.extractUsername(JwtService.java:67)
	at gr.aueb.cf.gymapp.filters.JwtAuthFilter.doFilterInternal(JwtAuthFilter.java:52)
	at org.springframework.web.filter.OncePerRequestFilter.doFilter(OncePerRequestFilter.java:116)
	at org.springframework.security.web.FilterChainProxy$VirtualFilterChain.doFilter(FilterChainProxy.java:374)
	at org.springframework.security.web.authentication.logout.LogoutFilter.doFilter(LogoutFilter.java:107)
	at org.springframework.security.web.authentication.logout.LogoutFilter.doFilter(LogoutFilter.java:93)
	at org.springframework.security.web.FilterChainProxy$VirtualFilterChain.doFilter(FilterChainProxy.java:374)
	at org.springframework.web.filter.CorsFilter.doFilterInternal(CorsFilter.java:91)
	at org.springframework.web.filter.OncePerRequestFilter.doFilter(OncePerRequestFilter.java:116)
	at org.springframework.security.web.FilterChainProxy$VirtualFilterChain.doFilter(FilterChainProxy.java:374)
	at org.springframework.security.web.header.HeaderWriterFilter.doHeadersAfter(HeaderWriterFilter.java:90)
	at org.springframework.security.web.header.HeaderWriterFilter.doFilterInternal(HeaderWriterFilter.java:75)
	at org.springframework.web.filter.OncePerRequestFilter.doFilter(OncePerRequestFilter.java:116)
	at org.springframework.security.web.FilterChainProxy$VirtualFilterChain.doFilter(FilterChainProxy.java:374)
	at org.springframework.security.web.context.SecurityContextHolderFilter.doFilter(SecurityContextHolderFilter.java:82)
	at org.springframework.security.web.context.SecurityContextHolderFilter.doFilter(SecurityContextHolderFilter.java:69)
	at org.springframework.security.web.FilterChainProxy$VirtualFilterChain.doFilter(FilterChainProxy.java:374)
	at org.springframework.security.web.context.request.async.WebAsyncManagerIntegrationFilter.doFilterInternal(WebAsyncManagerIntegrationFilter.java:62)
	at org.springframework.web.filter.OncePerRequestFilter.doFilter(OncePerRequestFilter.java:116)
	at org.springframework.security.web.FilterChainProxy$VirtualFilterChain.doFilter(FilterChainProxy.java:374)
	at org.springframework.security.web.session.DisableEncodeUrlFilter.doFilterInternal(DisableEncodeUrlFilter.java:42)
	at org.springframework.web.filter.OncePerRequestFilter.doFilter(OncePerRequestFilter.java:116)
	at org.springframework.security.web.FilterChainProxy$VirtualFilterChain.doFilter(FilterChainProxy.java:374)
	at org.springframework.security.web.FilterChainProxy.doFilterInternal(FilterChainProxy.java:233)
	at org.springframework.security.web.FilterChainProxy.doFilter(FilterChainProxy.java:191)
	at org.springframework.web.filter.CompositeFilter$VirtualFilterChain.doFilter(CompositeFilter.java:113)
	at org.springframework.web.servlet.handler.HandlerMappingIntrospector.lambda$createCacheFilter$3(HandlerMappingIntrospector.java:195)
	at org.springframework.web.filter.CompositeFilter$VirtualFilterChain.doFilter(CompositeFilter.java:113)
	at org.springframework.web.filter.CompositeFilter.doFilter(CompositeFilter.java:74)
	at org.springframework.security.config.annotation.web.configuration.WebMvcSecurityConfiguration$CompositeFilterChainProxy.doFilter(WebMvcSecurityConfiguration.java:230)
	at org.springframework.web.filter.DelegatingFilterProxy.invokeDelegate(DelegatingFilterProxy.java:352)
	at org.springframework.web.filter.DelegatingFilterProxy.doFilter(DelegatingFilterProxy.java:268)
	at org.apache.catalina.core.ApplicationFilterChain.internalDoFilter(ApplicationFilterChain.java:175)
	at org.apache.catalina.core.ApplicationFilterChain.doFilter(ApplicationFilterChain.java:150)
	at org.springframework.web.filter.RequestContextFilter.doFilterInternal(RequestContextFilter.java:100)
	at org.springframework.web.filter.OncePerRequestFilter.doFilter(OncePerRequestFilter.java:116)
	at org.apache.catalina.core.ApplicationFilterChain.internalDoFilter(ApplicationFilterChain.java:175)
	at org.apache.catalina.core.ApplicationFilterChain.doFilter(ApplicationFilterChain.java:150)
	at org.springframework.web.filter.FormContentFilter.doFilterInternal(FormContentFilter.java:93)
	at org.springframework.web.filter.OncePerRequestFilter.doFilter(OncePerRequestFilter.java:116)
	at org.apache.catalina.core.ApplicationFilterChain.internalDoFilter(ApplicationFilterChain.java:175)
	at org.apache.catalina.core.ApplicationFilterChain.doFilter(ApplicationFilterChain.java:150)
	at org.springframework.web.filter.CharacterEncodingFilter.doFilterInternal(CharacterEncodingFilter.java:201)
	at org.springframework.web.filter.OncePerRequestFilter.doFilter(OncePerRequestFilter.java:116)
	at org.apache.catalina.core.ApplicationFilterChain.internalDoFilter(ApplicationFilterChain.java:175)
	at org.apache.catalina.core.ApplicationFilterChain.doFilter(ApplicationFilterChain.java:150)
	at org.apache.catalina.core.StandardWrapperValve.invoke(StandardWrapperValve.java:167)
	at org.apache.catalina.core.StandardContextValve.invoke(StandardContextValve.java:90)
	at org.apache.catalina.authenticator.AuthenticatorBase.invoke(AuthenticatorBase.java:482)
	at org.apache.catalina.core.StandardHostValve.invoke(StandardHostValve.java:115)
	at org.apache.catalina.valves.ErrorReportValve.invoke(ErrorReportValve.java:93)
	at org.apache.catalina.core.StandardEngineValve.invoke(StandardEngineValve.java:74)
	at org.apache.catalina.connector.CoyoteAdapter.service(CoyoteAdapter.java:344)
	at org.apache.coyote.http11.Http11Processor.service(Http11Processor.java:391)
	at org.apache.coyote.AbstractProcessorLight.process(AbstractProcessorLight.java:63)
	at org.apache.coyote.AbstractProtocol$ConnectionHandler.process(AbstractProtocol.java:896)
	at org.apache.tomcat.util.net.NioEndpoint$SocketProcessor.doRun(NioEndpoint.java:1736)
	at org.apache.tomcat.util.net.SocketProcessorBase.run(SocketProcessorBase.java:52)
	at org.apache.tomcat.util.threads.ThreadPoolExecutor.runWorker(ThreadPoolExecutor.java:1191)
	at org.apache.tomcat.util.threads.ThreadPoolExecutor$Worker.run(ThreadPoolExecutor.java:659)
	at org.apache.tomcat.util.threads.TaskThread$WrappingRunnable.run(TaskThread.java:63)
	at java.base/java.lang.Thread.run(Thread.java:840)
2024-06-29 18:18:28 ERROR g.a.c.g.c.ExceptionControllerAdvice - Trainer with lastname Oeo was not found
2024-06-29 18:19:24 ERROR g.a.c.g.c.ExceptionControllerAdvice - Failed to convert value of type 'java.lang.String' to required type 'java.lang.Long'; For input string: "undefined"
2024-06-29 18:19:36 ERROR g.a.c.g.c.ExceptionControllerAdvice - Failed to convert value of type 'java.lang.String' to required type 'java.lang.Long'; For input string: "undefined"
2024-06-29 18:19:43 ERROR g.a.c.g.c.ExceptionControllerAdvice - Failed to convert value of type 'java.lang.String' to required type 'java.lang.Long'; For input string: "undefined"
2024-06-29 18:19:44 ERROR g.a.c.g.c.ExceptionControllerAdvice - Failed to convert value of type 'java.lang.String' to required type 'java.lang.Long'; For input string: "undefined"
2024-06-29 18:20:01 ERROR g.a.c.g.c.ExceptionControllerAdvice - Failed to convert value of type 'java.lang.String' to required type 'java.lang.Long'; For input string: "undefined"
2024-06-29 18:20:56 ERROR g.a.c.g.c.ExceptionControllerAdvice - Failed to convert value of type 'java.lang.String' to required type 'java.lang.Long'; For input string: "undefined"
2024-06-29 18:21:15 ERROR g.a.c.g.c.ExceptionControllerAdvice - Failed to convert value of type 'java.lang.String' to required type 'java.lang.Long'; For input string: "undefined"
2024-06-29 18:21:17 ERROR g.a.c.g.c.ExceptionControllerAdvice - Failed to convert value of type 'java.lang.String' to required type 'java.lang.Long'; For input string: "undefined"
2024-06-29 18:21:18 ERROR g.a.c.g.c.ExceptionControllerAdvice - Failed to convert value of type 'java.lang.String' to required type 'java.lang.Long'; For input string: "undefined"
2024-06-29 18:21:19 ERROR g.a.c.g.c.ExceptionControllerAdvice - Failed to convert value of type 'java.lang.String' to required type 'java.lang.Long'; For input string: "undefined"
2024-06-29 18:21:20 ERROR g.a.c.g.c.ExceptionControllerAdvice - Failed to convert value of type 'java.lang.String' to required type 'java.lang.Long'; For input string: "undefined"
2024-06-29 18:22:07 ERROR g.a.c.g.c.ExceptionControllerAdvice - Failed to convert value of type 'java.lang.String' to required type 'java.lang.Long'; For input string: "undefined"
2024-06-29 18:22:08 ERROR g.a.c.g.c.ExceptionControllerAdvice - Failed to convert value of type 'java.lang.String' to required type 'java.lang.Long'; For input string: "undefined"
2024-06-29 18:22:35 ERROR g.a.c.g.c.ExceptionControllerAdvice - Failed to convert value of type 'java.lang.String' to required type 'java.lang.Long'; For input string: "undefined"
2024-06-29 18:22:38 ERROR g.a.c.g.c.ExceptionControllerAdvice - Failed to convert value of type 'java.lang.String' to required type 'java.lang.Long'; For input string: "undefined"
2024-06-29 18:22:38 ERROR g.a.c.g.c.ExceptionControllerAdvice - Failed to convert value of type 'java.lang.String' to required type 'java.lang.Long'; For input string: "undefined"
2024-06-29 18:32:55 ERROR g.a.c.g.c.ExceptionControllerAdvice - Failed to convert value of type 'java.lang.String' to required type 'java.lang.Long'; For input string: "undefined"
2024-06-29 18:32:55 ERROR g.a.c.g.c.ExceptionControllerAdvice - Session with trainerId 17 was not found
2024-06-29 18:34:46 ERROR g.a.c.g.c.ExceptionControllerAdvice - Failed to convert value of type 'java.lang.String' to required type 'java.lang.Long'; For input string: "undefined"
2024-06-29 18:34:54 ERROR g.a.c.g.c.ExceptionControllerAdvice - Failed to convert value of type 'java.lang.String' to required type 'java.lang.Long'; For input string: "undefined"
2024-06-29 18:34:55 ERROR g.a.c.g.c.ExceptionControllerAdvice - Failed to convert value of type 'java.lang.String' to required type 'java.lang.Long'; For input string: "undefined"
2024-06-29 18:34:56 ERROR g.a.c.g.c.ExceptionControllerAdvice - Failed to convert value of type 'java.lang.String' to required type 'java.lang.Long'; For input string: "undefined"
2024-06-29 18:35:56 ERROR g.a.c.g.c.ExceptionControllerAdvice - Failed to convert value of type 'java.lang.String' to required type 'java.lang.Long'; For input string: "undefined"
2024-06-29 18:36:18 ERROR g.a.c.g.c.ExceptionControllerAdvice - Failed to convert value of type 'java.lang.String' to required type 'java.lang.Long'; For input string: "undefined"
2024-06-29 18:36:20 ERROR g.a.c.g.c.ExceptionControllerAdvice - Failed to convert value of type 'java.lang.String' to required type 'java.lang.Long'; For input string: "undefined"
2024-06-29 18:36:20 ERROR g.a.c.g.c.ExceptionControllerAdvice - Failed to convert value of type 'java.lang.String' to required type 'java.lang.Long'; For input string: "undefined"
2024-06-29 18:36:25 ERROR g.a.c.g.c.ExceptionControllerAdvice - Failed to convert value of type 'java.lang.String' to required type 'java.lang.Long'; For input string: "undefined"
2024-06-29 18:36:26 ERROR g.a.c.g.c.ExceptionControllerAdvice - Failed to convert value of type 'java.lang.String' to required type 'java.lang.Long'; For input string: "undefined"
2024-06-29 18:36:39 ERROR g.a.c.g.c.ExceptionControllerAdvice - Failed to convert value of type 'java.lang.String' to required type 'java.lang.Long'; For input string: "undefined"
2024-06-29 18:36:41 ERROR g.a.c.g.c.ExceptionControllerAdvice - Failed to convert value of type 'java.lang.String' to required type 'java.lang.Long'; For input string: "undefined"
2024-06-29 18:36:43 ERROR g.a.c.g.c.ExceptionControllerAdvice - Failed to convert value of type 'java.lang.String' to required type 'java.lang.Long'; For input string: "undefined"
2024-06-29 18:38:46 INFO  o.s.o.j.LocalContainerEntityManagerFactoryBean - Closing JPA EntityManagerFactory for persistence unit 'default'
2024-06-29 18:38:46 INFO  com.zaxxer.hikari.HikariDataSource - HikariPool-1 - Shutdown initiated...
2024-06-29 18:38:46 INFO  com.zaxxer.hikari.HikariDataSource - HikariPool-1 - Shutdown completed.
